181120-20:01:52 [INFO] -- 
181120-20:01:53 [INFO] -- 
181120-20:01:53 [INFO] -- ============================================================
181120-20:01:53 [INFO] -- AppKickstarter: Application Starting...
181120-20:01:53 [INFO] -- timer: starting...
181120-20:01:53 [INFO] -- eleThread_A A
181120-20:01:54 [INFO] -- eleThread_A: message received: [Timer (TimesUp) -- [46961]: Time's up!].
181120-20:01:54 [INFO] -- eleThread_A A
181120-20:01:54 [INFO] -- A: 1
181120-20:01:55 [INFO] -- eleThread_A: message received: [Timer (TimesUp) -- [77934]: Time's up!].
181120-20:01:55 [INFO] -- eleThread_A A
181120-20:01:55 [INFO] -- A: 2
181120-20:01:56 [INFO] -- eleThread_A: message received: [Timer (TimesUp) -- [82879]: Time's up!].
181120-20:01:56 [INFO] -- eleThread_A A
181120-20:01:56 [INFO] -- A: 3
181120-20:01:57 [INFO] -- eleThread_A: message received: [Timer (TimesUp) -- [41846]: Time's up!].
181120-20:01:57 [INFO] -- eleThread_A A
181120-20:01:57 [INFO] -- A: 4
181120-20:01:58 [INFO] -- eleThread_A: message received: [Timer (TimesUp) -- [40496]: Time's up!].
181120-20:01:58 [INFO] -- eleThread_A A
181120-20:01:58 [INFO] -- A: 5
181120-20:01:59 [INFO] -- eleThread_A: message received: [Timer (TimesUp) -- [85222]: Time's up!].
181120-20:01:59 [INFO] -- eleThread_A A
181120-20:01:59 [INFO] -- A: 6
181120-20:02:00 [INFO] -- eleThread_A: message received: [Timer (TimesUp) -- [96008]: Time's up!].
181120-20:02:00 [INFO] -- eleThread_A A
181120-20:02:00 [INFO] -- A: 7
181120-20:02:01 [INFO] -- eleThread_A: message received: [Timer (TimesUp) -- [46657]: Time's up!].
181120-20:02:01 [INFO] -- eleThread_A A
181120-20:02:01 [INFO] -- A: 8
181120-20:02:02 [INFO] -- eleThread_A: message received: [Timer (TimesUp) -- [20948]: Time's up!].
181120-20:02:02 [INFO] -- eleThread_A A
181120-20:02:02 [INFO] -- A: 9
181120-20:02:03 [INFO] -- eleThread_A: message received: [Timer (TimesUp) -- [84218]: Time's up!].
181120-20:02:03 [INFO] -- eleThread_A A
181120-20:02:03 [INFO] -- A: 8
181120-20:02:04 [INFO] -- eleThread_A: message received: [Timer (TimesUp) -- [43293]: Time's up!].
181120-20:02:04 [INFO] -- eleThread_A A
181120-20:02:04 [INFO] -- A: 7
181120-20:02:05 [INFO] -- eleThread_A: message received: [Timer (TimesUp) -- [28768]: Time's up!].
181120-20:02:05 [INFO] -- eleThread_A A
181120-20:02:05 [INFO] -- A: 6
181120-20:02:06 [INFO] -- eleThread_A: message received: [Timer (TimesUp) -- [72600]: Time's up!].
181120-20:02:06 [INFO] -- eleThread_A A
181120-20:02:06 [INFO] -- A: 5
181120-20:02:07 [INFO] -- eleThread_A: message received: [Timer (TimesUp) -- [60996]: Time's up!].
181120-20:02:07 [INFO] -- eleThread_A A
181120-20:02:07 [INFO] -- A: 4
181120-20:02:08 [INFO] -- eleThread_A: message received: [Timer (TimesUp) -- [36790]: Time's up!].
181120-20:02:08 [INFO] -- eleThread_A A
181120-20:02:08 [INFO] -- A: 3
181120-20:02:09 [INFO] -- eleThread_A: message received: [Timer (TimesUp) -- [76500]: Time's up!].
181120-20:02:09 [INFO] -- eleThread_A A
181120-20:02:09 [INFO] -- A: 2
181120-20:02:10 [INFO] -- eleThread_A: message received: [Timer (TimesUp) -- [55397]: Time's up!].
181120-20:02:10 [INFO] -- eleThread_A A
181120-20:02:10 [INFO] -- A: 1
181120-20:02:11 [INFO] -- eleThread_A: message received: [Timer (TimesUp) -- [77900]: Time's up!].
181120-20:02:11 [INFO] -- eleThread_A A
181120-20:02:11 [INFO] -- A: 0
181120-20:02:12 [INFO] -- eleThread_A: message received: [Timer (TimesUp) -- [53343]: Time's up!].
181120-20:02:12 [INFO] -- eleThread_A A
181120-20:02:12 [INFO] -- A: 1
181120-20:02:13 [INFO] -- eleThread_A: message received: [Timer (TimesUp) -- [21014]: Time's up!].
181120-20:02:13 [INFO] -- eleThread_A A
181120-20:02:13 [INFO] -- A: 2
181120-20:02:14 [INFO] -- eleThread_A: message received: [Timer (TimesUp) -- [49419]: Time's up!].
181120-20:02:14 [INFO] -- eleThread_A A
181120-20:02:14 [INFO] -- A: 3
181120-20:02:15 [INFO] -- eleThread_A: message received: [Timer (TimesUp) -- [25318]: Time's up!].
181120-20:02:15 [INFO] -- eleThread_A A
181120-20:02:15 [INFO] -- A: 4
181120-20:02:16 [INFO] -- eleThread_A: message received: [Timer (TimesUp) -- [56776]: Time's up!].
181120-20:02:16 [INFO] -- eleThread_A A
181120-20:02:16 [INFO] -- A: 5
181120-20:02:17 [INFO] -- eleThread_A: message received: [Timer (TimesUp) -- [78963]: Time's up!].
181120-20:02:17 [INFO] -- eleThread_A A
181120-20:02:17 [INFO] -- A: 6
181120-20:02:18 [INFO] -- eleThread_A: message received: [Timer (TimesUp) -- [52786]: Time's up!].
181120-20:02:18 [INFO] -- eleThread_A A
181120-20:02:18 [INFO] -- A: 7
181120-20:02:19 [INFO] -- eleThread_A: message received: [Timer (TimesUp) -- [42395]: Time's up!].
181120-20:02:19 [INFO] -- eleThread_A A
181120-20:02:19 [INFO] -- A: 8
181120-20:02:20 [INFO] -- eleThread_A: message received: [Timer (TimesUp) -- [47147]: Time's up!].
181120-20:02:20 [INFO] -- eleThread_A A
181120-20:02:20 [INFO] -- A: 9
181120-20:02:21 [INFO] -- eleThread_A: message received: [Timer (TimesUp) -- [39654]: Time's up!].
181120-20:02:21 [INFO] -- eleThread_A A
181120-20:02:21 [INFO] -- A: 10
181120-20:02:22 [INFO] -- eleThread_A: message received: [Timer (TimesUp) -- [95182]: Time's up!].
181120-20:02:22 [INFO] -- eleThread_A A
181120-20:02:22 [INFO] -- A: 9
181120-20:02:23 [INFO] -- eleThread_A: message received: [Timer (TimesUp) -- [69575]: Time's up!].
181120-20:02:23 [INFO] -- eleThread_A A
181120-20:02:23 [INFO] -- A: 8
181120-20:02:24 [INFO] -- eleThread_A: message received: [Timer (TimesUp) -- [44280]: Time's up!].
181120-20:02:24 [INFO] -- eleThread_A A
181120-20:02:24 [INFO] -- A: 7
181120-20:02:25 [INFO] -- eleThread_A: message received: [Timer (TimesUp) -- [98452]: Time's up!].
181120-20:02:25 [INFO] -- eleThread_A A
181120-20:02:25 [INFO] -- A: 6
181120-20:02:26 [INFO] -- eleThread_A: message received: [Timer (TimesUp) -- [52542]: Time's up!].
181120-20:02:26 [INFO] -- eleThread_A A
181120-20:02:26 [INFO] -- A: 5
181120-20:02:27 [INFO] -- eleThread_A: message received: [Timer (TimesUp) -- [78540]: Time's up!].
181120-20:02:27 [INFO] -- eleThread_A A
181120-20:02:27 [INFO] -- A: 4
181120-20:02:28 [INFO] -- eleThread_A: message received: [Timer (TimesUp) -- [54553]: Time's up!].
181120-20:02:28 [INFO] -- eleThread_A A
181120-20:02:28 [INFO] -- A: 3
181120-20:02:29 [INFO] -- eleThread_A: message received: [Timer (TimesUp) -- [94893]: Time's up!].
181120-20:02:29 [INFO] -- eleThread_A A
181120-20:02:29 [INFO] -- A: 2
181120-20:02:30 [INFO] -- eleThread_A: message received: [Timer (TimesUp) -- [80266]: Time's up!].
181120-20:02:30 [INFO] -- eleThread_A A
181120-20:02:30 [INFO] -- A: 1
181120-20:02:31 [INFO] -- eleThread_A: message received: [Timer (TimesUp) -- [89942]: Time's up!].
181120-20:02:31 [INFO] -- eleThread_A A
181120-20:02:31 [INFO] -- A: 0
181120-20:02:32 [INFO] -- eleThread_A: message received: [Timer (TimesUp) -- [66478]: Time's up!].
181120-20:02:32 [INFO] -- eleThread_A A
181120-20:02:32 [INFO] -- A: 1
181120-20:02:33 [INFO] -- eleThread_A: message received: [Timer (TimesUp) -- [85410]: Time's up!].
181120-20:02:33 [INFO] -- eleThread_A A
181120-20:02:33 [INFO] -- A: 2
181120-20:02:34 [INFO] -- eleThread_A: message received: [Timer (TimesUp) -- [22050]: Time's up!].
181120-20:02:34 [INFO] -- eleThread_A A
181120-20:02:34 [INFO] -- A: 3
181120-20:02:35 [INFO] -- eleThread_A: message received: [Timer (TimesUp) -- [57649]: Time's up!].
181120-20:02:35 [INFO] -- eleThread_A A
181120-20:02:35 [INFO] -- A: 4
181120-20:02:36 [INFO] -- eleThread_A: message received: [Timer (TimesUp) -- [54706]: Time's up!].
181120-20:02:36 [INFO] -- eleThread_A A
181120-20:02:36 [INFO] -- A: 5
181120-20:02:37 [INFO] -- eleThread_A: message received: [Timer (TimesUp) -- [53696]: Time's up!].
181120-20:02:37 [INFO] -- eleThread_A A
181120-20:02:37 [INFO] -- A: 6
181120-20:02:38 [INFO] -- eleThread_A: message received: [Timer (TimesUp) -- [23280]: Time's up!].
181120-20:02:38 [INFO] -- eleThread_A A
181120-20:02:38 [INFO] -- A: 7
181120-20:02:39 [INFO] -- eleThread_A: message received: [Timer (TimesUp) -- [88029]: Time's up!].
181120-20:02:39 [INFO] -- eleThread_A A
181120-20:02:39 [INFO] -- A: 8
181120-20:02:40 [INFO] -- eleThread_A: message received: [Timer (TimesUp) -- [91653]: Time's up!].
181120-20:02:40 [INFO] -- eleThread_A A
181120-20:02:40 [INFO] -- A: 9
181120-20:02:41 [INFO] -- eleThread_A: message received: [Timer (TimesUp) -- [60813]: Time's up!].
181120-20:02:41 [INFO] -- eleThread_A A
181120-20:02:41 [INFO] -- A: 10
181120-20:02:42 [INFO] -- eleThread_A: message received: [Timer (TimesUp) -- [85569]: Time's up!].
181120-20:02:42 [INFO] -- eleThread_A A
181120-20:02:42 [INFO] -- A: 9
181120-20:02:43 [INFO] -- eleThread_A: message received: [Timer (TimesUp) -- [75722]: Time's up!].
181120-20:02:43 [INFO] -- eleThread_A A
181120-20:02:43 [INFO] -- A: 8
181120-20:02:44 [INFO] -- eleThread_A: message received: [Timer (TimesUp) -- [60251]: Time's up!].
181120-20:02:44 [INFO] -- eleThread_A A
181120-20:02:44 [INFO] -- A: 7
181120-20:02:45 [INFO] -- eleThread_A: message received: [Timer (TimesUp) -- [83710]: Time's up!].
181120-20:02:45 [INFO] -- eleThread_A A
181120-20:02:45 [INFO] -- A: 6
181120-20:02:46 [INFO] -- eleThread_A: message received: [Timer (TimesUp) -- [83613]: Time's up!].
181120-20:02:46 [INFO] -- eleThread_A A
181120-20:02:46 [INFO] -- A: 5
181120-20:02:47 [INFO] -- eleThread_A: message received: [Timer (TimesUp) -- [90059]: Time's up!].
181120-20:02:47 [INFO] -- eleThread_A A
181120-20:02:47 [INFO] -- A: 4
181120-20:02:48 [INFO] -- eleThread_A: message received: [Timer (TimesUp) -- [90326]: Time's up!].
181120-20:02:48 [INFO] -- eleThread_A A
181120-20:02:48 [INFO] -- A: 3
181120-20:02:49 [INFO] -- eleThread_A: message received: [Timer (TimesUp) -- [33999]: Time's up!].
181120-20:02:49 [INFO] -- eleThread_A A
181120-20:02:49 [INFO] -- A: 2
181120-20:02:50 [INFO] -- eleThread_A: message received: [Timer (TimesUp) -- [43237]: Time's up!].
181120-20:02:50 [INFO] -- eleThread_A A
181120-20:02:50 [INFO] -- A: 1
181120-20:02:51 [INFO] -- eleThread_A: message received: [Timer (TimesUp) -- [30116]: Time's up!].
181120-20:02:51 [INFO] -- eleThread_A A
181120-20:02:51 [INFO] -- A: 0
181120-20:02:52 [INFO] -- eleThread_A: message received: [Timer (TimesUp) -- [50695]: Time's up!].
181120-20:02:52 [INFO] -- eleThread_A A
181120-20:02:52 [INFO] -- A: 1
181120-20:02:53 [INFO] -- eleThread_A: message received: [Timer (TimesUp) -- [73186]: Time's up!].
181120-20:02:53 [INFO] -- eleThread_A A
181120-20:02:53 [INFO] -- A: 2
181120-20:02:54 [INFO] -- eleThread_A: message received: [Timer (TimesUp) -- [74467]: Time's up!].
181120-20:02:54 [INFO] -- eleThread_A A
181120-20:02:54 [INFO] -- A: 3
181120-20:02:55 [INFO] -- eleThread_A: message received: [Timer (TimesUp) -- [56266]: Time's up!].
181120-20:02:55 [INFO] -- eleThread_A A
181120-20:02:55 [INFO] -- A: 4
181120-20:02:56 [INFO] -- eleThread_A: message received: [Timer (TimesUp) -- [55166]: Time's up!].
181120-20:02:56 [INFO] -- eleThread_A A
181120-20:02:56 [INFO] -- A: 5
181120-20:02:57 [INFO] -- eleThread_A: message received: [Timer (TimesUp) -- [38357]: Time's up!].
181120-20:02:57 [INFO] -- eleThread_A A
181120-20:02:57 [INFO] -- A: 6
181120-20:02:58 [INFO] -- eleThread_A: message received: [Timer (TimesUp) -- [76849]: Time's up!].
181120-20:02:58 [INFO] -- eleThread_A A
181120-20:02:58 [INFO] -- A: 7
181120-20:02:59 [INFO] -- eleThread_A: message received: [Timer (TimesUp) -- [79749]: Time's up!].
181120-20:02:59 [INFO] -- eleThread_A A
181120-20:02:59 [INFO] -- A: 8
181120-20:03:00 [INFO] -- eleThread_A: message received: [Timer (TimesUp) -- [92948]: Time's up!].
181120-20:03:00 [INFO] -- eleThread_A A
181120-20:03:00 [INFO] -- A: 9
181120-20:03:01 [INFO] -- eleThread_A: message received: [Timer (TimesUp) -- [98100]: Time's up!].
181120-20:03:01 [INFO] -- eleThread_A A
181120-20:03:01 [INFO] -- A: 10
181120-20:03:02 [INFO] -- eleThread_A: message received: [Timer (TimesUp) -- [56897]: Time's up!].
181120-20:03:02 [INFO] -- eleThread_A A
181120-20:03:02 [INFO] -- A: 9
181120-20:03:03 [INFO] -- eleThread_A: message received: [Timer (TimesUp) -- [48771]: Time's up!].
181120-20:03:03 [INFO] -- eleThread_A A
181120-20:03:03 [INFO] -- A: 8
181120-20:03:04 [INFO] -- eleThread_A: message received: [Timer (TimesUp) -- [98955]: Time's up!].
181120-20:03:04 [INFO] -- eleThread_A A
181120-20:03:04 [INFO] -- A: 7
181120-20:03:05 [INFO] -- eleThread_A: message received: [Timer (TimesUp) -- [50437]: Time's up!].
181120-20:03:05 [INFO] -- eleThread_A A
181120-20:03:05 [INFO] -- A: 6
181120-20:03:06 [INFO] -- eleThread_A: message received: [Timer (TimesUp) -- [24041]: Time's up!].
181120-20:03:06 [INFO] -- eleThread_A A
181120-20:03:06 [INFO] -- A: 5
181120-20:03:07 [INFO] -- eleThread_A: message received: [Timer (TimesUp) -- [74666]: Time's up!].
181120-20:03:07 [INFO] -- eleThread_A A
181120-20:03:07 [INFO] -- A: 4
181120-20:03:08 [INFO] -- eleThread_A: message received: [Timer (TimesUp) -- [74162]: Time's up!].
181120-20:03:08 [INFO] -- eleThread_A A
181120-20:03:08 [INFO] -- A: 3
181120-20:03:09 [INFO] -- eleThread_A: message received: [Timer (TimesUp) -- [99988]: Time's up!].
181120-20:03:09 [INFO] -- eleThread_A A
181120-20:03:09 [INFO] -- A: 2
181120-20:03:10 [INFO] -- eleThread_A: message received: [Timer (TimesUp) -- [21720]: Time's up!].
181120-20:03:10 [INFO] -- eleThread_A A
181120-20:03:10 [INFO] -- A: 1
181120-20:03:11 [INFO] -- eleThread_A: message received: [Timer (TimesUp) -- [92118]: Time's up!].
181120-20:03:11 [INFO] -- eleThread_A A
181120-20:03:11 [INFO] -- A: 0
181120-20:03:12 [INFO] -- eleThread_A: message received: [Timer (TimesUp) -- [86222]: Time's up!].
181120-20:03:12 [INFO] -- eleThread_A A
181120-20:03:12 [INFO] -- A: 1
181120-20:03:13 [INFO] -- eleThread_A: message received: [Timer (TimesUp) -- [33631]: Time's up!].
181120-20:03:13 [INFO] -- eleThread_A A
181120-20:03:13 [INFO] -- A: 2
181120-20:03:14 [INFO] -- eleThread_A: message received: [Timer (TimesUp) -- [39919]: Time's up!].
181120-20:03:14 [INFO] -- eleThread_A A
181120-20:03:14 [INFO] -- A: 3
181120-20:03:15 [INFO] -- eleThread_A: message received: [Timer (TimesUp) -- [87047]: Time's up!].
181120-20:03:15 [INFO] -- eleThread_A A
181120-20:03:15 [INFO] -- A: 4
181120-20:03:16 [INFO] -- eleThread_A: message received: [Timer (TimesUp) -- [61515]: Time's up!].
181120-20:03:16 [INFO] -- eleThread_A A
181120-20:03:16 [INFO] -- A: 5
181120-20:03:17 [INFO] -- eleThread_A: message received: [Timer (TimesUp) -- [20877]: Time's up!].
181120-20:03:17 [INFO] -- eleThread_A A
181120-20:03:17 [INFO] -- A: 6
181120-20:03:18 [INFO] -- eleThread_A: message received: [Timer (TimesUp) -- [94621]: Time's up!].
181120-20:03:18 [INFO] -- eleThread_A A
181120-20:03:18 [INFO] -- A: 7
181120-20:03:19 [INFO] -- eleThread_A: message received: [Timer (TimesUp) -- [71663]: Time's up!].
181120-20:03:19 [INFO] -- eleThread_A A
181120-20:03:19 [INFO] -- A: 8
181120-20:03:20 [INFO] -- eleThread_A: message received: [Timer (TimesUp) -- [17394]: Time's up!].
181120-20:03:20 [INFO] -- eleThread_A A
181120-20:03:20 [INFO] -- A: 9
181120-20:03:21 [INFO] -- eleThread_A: message received: [Timer (TimesUp) -- [30582]: Time's up!].
181120-20:03:21 [INFO] -- eleThread_A A
181120-20:03:21 [INFO] -- A: 10
181120-20:03:22 [INFO] -- eleThread_A: message received: [Timer (TimesUp) -- [16842]: Time's up!].
181120-20:03:22 [INFO] -- eleThread_A A
181120-20:03:22 [INFO] -- A: 9
181120-20:03:23 [INFO] -- eleThread_A: message received: [Timer (TimesUp) -- [28546]: Time's up!].
181120-20:03:23 [INFO] -- eleThread_A A
181120-20:03:23 [INFO] -- A: 8
181120-20:03:24 [INFO] -- eleThread_A: message received: [Timer (TimesUp) -- [38872]: Time's up!].
181120-20:03:24 [INFO] -- eleThread_A A
181120-20:03:24 [INFO] -- A: 7
181120-20:03:25 [INFO] -- eleThread_A: message received: [Timer (TimesUp) -- [99163]: Time's up!].
181120-20:03:25 [INFO] -- eleThread_A A
181120-20:03:25 [INFO] -- A: 6
181120-20:03:26 [INFO] -- eleThread_A: message received: [Timer (TimesUp) -- [99230]: Time's up!].
181120-20:03:26 [INFO] -- eleThread_A A
181120-20:03:26 [INFO] -- A: 5
181120-20:03:27 [INFO] -- eleThread_A: message received: [Timer (TimesUp) -- [68956]: Time's up!].
181120-20:03:27 [INFO] -- eleThread_A A
181120-20:03:27 [INFO] -- A: 4
181120-20:03:28 [INFO] -- eleThread_A: message received: [Timer (TimesUp) -- [54899]: Time's up!].
181120-20:03:28 [INFO] -- eleThread_A A
181120-20:03:28 [INFO] -- A: 3
181120-20:03:29 [INFO] -- eleThread_A: message received: [Timer (TimesUp) -- [30735]: Time's up!].
181120-20:03:29 [INFO] -- eleThread_A A
181120-20:03:29 [INFO] -- A: 2
181120-20:03:30 [INFO] -- eleThread_A: message received: [Timer (TimesUp) -- [70895]: Time's up!].
181120-20:03:30 [INFO] -- eleThread_A A
181120-20:03:30 [INFO] -- A: 1
181120-20:03:31 [INFO] -- eleThread_A: message received: [Timer (TimesUp) -- [88734]: Time's up!].
181120-20:03:31 [INFO] -- eleThread_A A
181120-20:03:31 [INFO] -- A: 0
181120-20:03:32 [INFO] -- eleThread_A: message received: [Timer (TimesUp) -- [63795]: Time's up!].
181120-20:03:32 [INFO] -- eleThread_A A
181120-20:03:32 [INFO] -- A: 1
181120-20:03:33 [INFO] -- eleThread_A: message received: [Timer (TimesUp) -- [60889]: Time's up!].
181120-20:03:33 [INFO] -- eleThread_A A
181120-20:03:33 [INFO] -- A: 2
181120-20:03:34 [INFO] -- eleThread_A: message received: [Timer (TimesUp) -- [71506]: Time's up!].
181120-20:03:34 [INFO] -- eleThread_A A
181120-20:03:34 [INFO] -- A: 3
181120-20:03:35 [INFO] -- eleThread_A: message received: [Timer (TimesUp) -- [46788]: Time's up!].
181120-20:03:35 [INFO] -- eleThread_A A
181120-20:03:35 [INFO] -- A: 4
181120-20:03:36 [INFO] -- eleThread_A: message received: [Timer (TimesUp) -- [33007]: Time's up!].
181120-20:03:36 [INFO] -- eleThread_A A
181120-20:03:36 [INFO] -- A: 5
181120-20:03:37 [INFO] -- eleThread_A: message received: [Timer (TimesUp) -- [75115]: Time's up!].
181120-20:03:37 [INFO] -- eleThread_A A
181120-20:03:37 [INFO] -- A: 6
181120-20:03:38 [INFO] -- eleThread_A: message received: [Timer (TimesUp) -- [71205]: Time's up!].
181120-20:03:38 [INFO] -- eleThread_A A
181120-20:03:38 [INFO] -- A: 7
181120-20:03:39 [INFO] -- eleThread_A: message received: [Timer (TimesUp) -- [80917]: Time's up!].
181120-20:03:39 [INFO] -- eleThread_A A
181120-20:03:39 [INFO] -- A: 8
181120-20:03:40 [INFO] -- eleThread_A: message received: [Timer (TimesUp) -- [79775]: Time's up!].
181120-20:03:40 [INFO] -- eleThread_A A
181120-20:03:40 [INFO] -- A: 9
181120-20:03:41 [INFO] -- eleThread_A: message received: [Timer (TimesUp) -- [20353]: Time's up!].
181120-20:03:41 [INFO] -- eleThread_A A
181120-20:03:41 [INFO] -- A: 10
181120-20:03:42 [INFO] -- eleThread_A: message received: [Timer (TimesUp) -- [96628]: Time's up!].
181120-20:03:42 [INFO] -- eleThread_A A
181120-20:03:42 [INFO] -- A: 9
181120-20:03:43 [INFO] -- eleThread_A: message received: [Timer (TimesUp) -- [53191]: Time's up!].
181120-20:03:43 [INFO] -- eleThread_A A
181120-20:03:43 [INFO] -- A: 8
181120-20:03:44 [INFO] -- eleThread_A: message received: [Timer (TimesUp) -- [88061]: Time's up!].
181120-20:03:44 [INFO] -- eleThread_A A
181120-20:03:44 [INFO] -- A: 7
181120-20:03:45 [INFO] -- eleThread_A: message received: [Timer (TimesUp) -- [11972]: Time's up!].
181120-20:03:45 [INFO] -- eleThread_A A
181120-20:03:45 [INFO] -- A: 6
181120-20:03:46 [INFO] -- eleThread_A: message received: [Timer (TimesUp) -- [97135]: Time's up!].
181120-20:03:46 [INFO] -- eleThread_A A
181120-20:03:46 [INFO] -- A: 5
181120-20:03:47 [INFO] -- eleThread_A: message received: [Timer (TimesUp) -- [43530]: Time's up!].
181120-20:03:47 [INFO] -- eleThread_A A
181120-20:03:47 [INFO] -- A: 4
181120-20:03:48 [INFO] -- eleThread_A: message received: [Timer (TimesUp) -- [36441]: Time's up!].
181120-20:03:48 [INFO] -- eleThread_A A
181120-20:03:48 [INFO] -- A: 3
181120-20:03:49 [INFO] -- eleThread_A: message received: [Timer (TimesUp) -- [15979]: Time's up!].
181120-20:03:49 [INFO] -- eleThread_A A
181120-20:03:49 [INFO] -- A: 2
181120-20:03:50 [INFO] -- eleThread_A: message received: [Timer (TimesUp) -- [16143]: Time's up!].
181120-20:03:50 [INFO] -- eleThread_A A
181120-20:03:50 [INFO] -- A: 1
181120-20:03:51 [INFO] -- eleThread_A: message received: [Timer (TimesUp) -- [18613]: Time's up!].
181120-20:03:51 [INFO] -- eleThread_A A
181120-20:03:51 [INFO] -- A: 0
181120-20:03:52 [INFO] -- eleThread_A: message received: [Timer (TimesUp) -- [89641]: Time's up!].
181120-20:03:52 [INFO] -- eleThread_A A
181120-20:03:52 [INFO] -- A: 1
181120-20:03:53 [INFO] -- eleThread_A: message received: [Timer (TimesUp) -- [64181]: Time's up!].
181120-20:03:53 [INFO] -- eleThread_A A
181120-20:03:53 [INFO] -- A: 2
181120-20:03:54 [INFO] -- eleThread_A: message received: [Timer (TimesUp) -- [95668]: Time's up!].
181120-20:03:54 [INFO] -- eleThread_A A
181120-20:03:54 [INFO] -- A: 3
181120-20:03:55 [INFO] -- eleThread_A: message received: [Timer (TimesUp) -- [71439]: Time's up!].
181120-20:03:55 [INFO] -- eleThread_A A
181120-20:03:55 [INFO] -- A: 4
181120-20:03:56 [INFO] -- eleThread_A: message received: [Timer (TimesUp) -- [80940]: Time's up!].
181120-20:03:56 [INFO] -- eleThread_A A
181120-20:03:56 [INFO] -- A: 5
181120-20:03:57 [INFO] -- eleThread_A: message received: [Timer (TimesUp) -- [49697]: Time's up!].
181120-20:03:57 [INFO] -- eleThread_A A
181120-20:03:57 [INFO] -- A: 6
181120-20:03:58 [INFO] -- eleThread_A: message received: [Timer (TimesUp) -- [56533]: Time's up!].
181120-20:03:58 [INFO] -- eleThread_A A
181120-20:03:58 [INFO] -- A: 7
181120-20:03:59 [INFO] -- eleThread_A: message received: [Timer (TimesUp) -- [12364]: Time's up!].
181120-20:03:59 [INFO] -- eleThread_A A
181120-20:03:59 [INFO] -- A: 8
181120-20:04:00 [INFO] -- eleThread_A: message received: [Timer (TimesUp) -- [60755]: Time's up!].
181120-20:04:00 [INFO] -- eleThread_A A
181120-20:04:00 [INFO] -- A: 9
181120-20:04:01 [INFO] -- eleThread_A: message received: [Timer (TimesUp) -- [33490]: Time's up!].
181120-20:04:01 [INFO] -- eleThread_A A
181120-20:04:01 [INFO] -- A: 10
181120-20:04:02 [INFO] -- eleThread_A: message received: [Timer (TimesUp) -- [65203]: Time's up!].
181120-20:04:02 [INFO] -- eleThread_A A
181120-20:04:02 [INFO] -- A: 9
181120-20:04:03 [INFO] -- eleThread_A: message received: [Timer (TimesUp) -- [69706]: Time's up!].
181120-20:04:03 [INFO] -- eleThread_A A
181120-20:04:03 [INFO] -- A: 8
181120-20:04:04 [INFO] -- eleThread_A: message received: [Timer (TimesUp) -- [54004]: Time's up!].
181120-20:04:04 [INFO] -- eleThread_A A
181120-20:04:04 [INFO] -- A: 7
181120-20:04:05 [INFO] -- eleThread_A: message received: [Timer (TimesUp) -- [78828]: Time's up!].
181120-20:04:05 [INFO] -- eleThread_A A
181120-20:04:05 [INFO] -- A: 6
181120-20:04:06 [INFO] -- eleThread_A: message received: [Timer (TimesUp) -- [12379]: Time's up!].
181120-20:04:06 [INFO] -- eleThread_A A
181120-20:04:06 [INFO] -- A: 5
181120-20:04:07 [INFO] -- eleThread_A: message received: [Timer (TimesUp) -- [52144]: Time's up!].
181120-20:04:07 [INFO] -- eleThread_A A
181120-20:04:07 [INFO] -- A: 4
181120-20:04:08 [INFO] -- eleThread_A: message received: [Timer (TimesUp) -- [71011]: Time's up!].
181120-20:04:08 [INFO] -- eleThread_A A
181120-20:04:08 [INFO] -- A: 3
181120-20:04:09 [INFO] -- eleThread_A: message received: [Timer (TimesUp) -- [23261]: Time's up!].
181120-20:04:09 [INFO] -- eleThread_A A
181120-20:04:09 [INFO] -- A: 2
181120-20:04:10 [INFO] -- eleThread_A: message received: [Timer (TimesUp) -- [47319]: Time's up!].
181120-20:04:10 [INFO] -- eleThread_A A
181120-20:04:10 [INFO] -- A: 1
181120-20:04:11 [INFO] -- eleThread_A: message received: [Timer (TimesUp) -- [25568]: Time's up!].
181120-20:04:11 [INFO] -- eleThread_A A
181120-20:04:11 [INFO] -- A: 0
181120-20:04:12 [INFO] -- eleThread_A: message received: [Timer (TimesUp) -- [84284]: Time's up!].
181120-20:04:12 [INFO] -- eleThread_A A
181120-20:04:12 [INFO] -- A: 1
181120-20:04:13 [INFO] -- eleThread_A: message received: [Timer (TimesUp) -- [40037]: Time's up!].
181120-20:04:13 [INFO] -- eleThread_A A
181120-20:04:13 [INFO] -- A: 2
181120-20:04:14 [INFO] -- eleThread_A: message received: [Timer (TimesUp) -- [12468]: Time's up!].
181120-20:04:14 [INFO] -- eleThread_A A
181120-20:04:14 [INFO] -- A: 3
181120-20:04:15 [INFO] -- eleThread_A: message received: [Timer (TimesUp) -- [10949]: Time's up!].
181120-20:04:15 [INFO] -- eleThread_A A
181120-20:04:15 [INFO] -- A: 4
181120-20:04:16 [INFO] -- eleThread_A: message received: [Timer (TimesUp) -- [99711]: Time's up!].
181120-20:04:16 [INFO] -- eleThread_A A
181120-20:04:16 [INFO] -- A: 5
181120-20:04:17 [INFO] -- eleThread_A: message received: [Timer (TimesUp) -- [34426]: Time's up!].
181120-20:04:17 [INFO] -- eleThread_A A
181120-20:04:17 [INFO] -- A: 6
181120-20:04:18 [INFO] -- eleThread_A: message received: [Timer (TimesUp) -- [52496]: Time's up!].
181120-20:04:18 [INFO] -- eleThread_A A
181120-20:04:18 [INFO] -- A: 7
181120-20:04:19 [INFO] -- eleThread_A: message received: [Timer (TimesUp) -- [45897]: Time's up!].
181120-20:04:19 [INFO] -- eleThread_A A
181120-20:04:19 [INFO] -- A: 8
181120-20:04:20 [INFO] -- eleThread_A: message received: [Timer (TimesUp) -- [30461]: Time's up!].
181120-20:04:20 [INFO] -- eleThread_A A
181120-20:04:20 [INFO] -- A: 9
181120-20:04:21 [INFO] -- eleThread_A: message received: [Timer (TimesUp) -- [44368]: Time's up!].
181120-20:04:21 [INFO] -- eleThread_A A
181120-20:04:21 [INFO] -- A: 10
181120-20:04:22 [INFO] -- eleThread_A: message received: [Timer (TimesUp) -- [55116]: Time's up!].
181120-20:04:22 [INFO] -- eleThread_A A
181120-20:04:22 [INFO] -- A: 9
181120-20:04:23 [INFO] -- eleThread_A: message received: [Timer (TimesUp) -- [81608]: Time's up!].
181120-20:04:23 [INFO] -- eleThread_A A
181120-20:04:23 [INFO] -- A: 8
181120-20:04:24 [INFO] -- eleThread_A: message received: [Timer (TimesUp) -- [64026]: Time's up!].
181120-20:04:24 [INFO] -- eleThread_A A
181120-20:04:24 [INFO] -- A: 7
181120-20:04:25 [INFO] -- eleThread_A: message received: [Timer (TimesUp) -- [77299]: Time's up!].
181120-20:04:25 [INFO] -- eleThread_A A
181120-20:04:25 [INFO] -- A: 6
181120-20:04:26 [INFO] -- eleThread_A: message received: [Timer (TimesUp) -- [81260]: Time's up!].
181120-20:04:26 [INFO] -- eleThread_A A
181120-20:04:26 [INFO] -- A: 5
181120-20:04:27 [INFO] -- eleThread_A: message received: [Timer (TimesUp) -- [17634]: Time's up!].
181120-20:04:27 [INFO] -- eleThread_A A
181120-20:04:27 [INFO] -- A: 4
181120-20:04:28 [INFO] -- eleThread_A: message received: [Timer (TimesUp) -- [84909]: Time's up!].
181120-20:04:28 [INFO] -- eleThread_A A
181120-20:04:28 [INFO] -- A: 3
181120-20:04:29 [INFO] -- eleThread_A: message received: [Timer (TimesUp) -- [99699]: Time's up!].
181120-20:04:29 [INFO] -- eleThread_A A
181120-20:04:29 [INFO] -- A: 2
181120-20:04:30 [INFO] -- eleThread_A: message received: [Timer (TimesUp) -- [39975]: Time's up!].
181120-20:04:30 [INFO] -- eleThread_A A
181120-20:04:30 [INFO] -- A: 1
181120-20:04:31 [INFO] -- eleThread_A: message received: [Timer (TimesUp) -- [18139]: Time's up!].
181120-20:04:31 [INFO] -- eleThread_A A
181120-20:04:31 [INFO] -- A: 0
181120-20:04:32 [INFO] -- eleThread_A: message received: [Timer (TimesUp) -- [50971]: Time's up!].
181120-20:04:32 [INFO] -- eleThread_A A
181120-20:04:32 [INFO] -- A: 1
181120-20:04:33 [INFO] -- eleThread_A: message received: [Timer (TimesUp) -- [67771]: Time's up!].
181120-20:04:33 [INFO] -- eleThread_A A
181120-20:04:33 [INFO] -- A: 2
181120-20:04:34 [INFO] -- eleThread_A: message received: [Timer (TimesUp) -- [57305]: Time's up!].
181120-20:04:34 [INFO] -- eleThread_A A
181120-20:04:34 [INFO] -- A: 3
181120-20:04:35 [INFO] -- eleThread_A: message received: [Timer (TimesUp) -- [33566]: Time's up!].
181120-20:04:35 [INFO] -- eleThread_A A
181120-20:04:35 [INFO] -- A: 4
181120-20:04:36 [INFO] -- eleThread_A: message received: [Timer (TimesUp) -- [25124]: Time's up!].
181120-20:04:36 [INFO] -- eleThread_A A
181120-20:04:36 [INFO] -- A: 5
181120-20:04:37 [INFO] -- eleThread_A: message received: [Timer (TimesUp) -- [94713]: Time's up!].
181120-20:04:37 [INFO] -- eleThread_A A
181120-20:04:37 [INFO] -- A: 6
181120-20:04:38 [INFO] -- eleThread_A: message received: [Timer (TimesUp) -- [55265]: Time's up!].
181120-20:04:38 [INFO] -- eleThread_A A
181120-20:04:38 [INFO] -- A: 7
181120-20:04:39 [INFO] -- eleThread_A: message received: [Timer (TimesUp) -- [63341]: Time's up!].
181120-20:04:39 [INFO] -- eleThread_A A
181120-20:04:39 [INFO] -- A: 8
181120-20:04:40 [INFO] -- eleThread_A: message received: [Timer (TimesUp) -- [46006]: Time's up!].
181120-20:04:40 [INFO] -- eleThread_A A
181120-20:04:40 [INFO] -- A: 9
181120-20:04:41 [INFO] -- eleThread_A: message received: [Timer (TimesUp) -- [76960]: Time's up!].
181120-20:04:41 [INFO] -- eleThread_A A
181120-20:04:41 [INFO] -- A: 10
181120-20:04:42 [INFO] -- eleThread_A: message received: [Timer (TimesUp) -- [64153]: Time's up!].
181120-20:04:42 [INFO] -- eleThread_A A
181120-20:04:42 [INFO] -- A: 9
181120-20:04:43 [INFO] -- eleThread_A: message received: [Timer (TimesUp) -- [17286]: Time's up!].
181120-20:04:43 [INFO] -- eleThread_A A
181120-20:04:43 [INFO] -- A: 8
181120-20:04:44 [INFO] -- eleThread_A: message received: [Timer (TimesUp) -- [92969]: Time's up!].
181120-20:04:44 [INFO] -- eleThread_A A
181120-20:04:44 [INFO] -- A: 7
181120-20:04:45 [INFO] -- eleThread_A: message received: [Timer (TimesUp) -- [22952]: Time's up!].
181120-20:04:45 [INFO] -- eleThread_A A
181120-20:04:45 [INFO] -- A: 6
181120-20:04:46 [INFO] -- eleThread_A: message received: [Timer (TimesUp) -- [64927]: Time's up!].
181120-20:04:46 [INFO] -- eleThread_A A
181120-20:04:46 [INFO] -- A: 5
181120-20:04:47 [INFO] -- eleThread_A: message received: [Timer (TimesUp) -- [51905]: Time's up!].
181120-20:04:47 [INFO] -- eleThread_A A
181120-20:04:47 [INFO] -- A: 4
181120-20:04:48 [INFO] -- eleThread_A: message received: [Timer (TimesUp) -- [87580]: Time's up!].
181120-20:04:48 [INFO] -- eleThread_A A
181120-20:04:48 [INFO] -- A: 3
181120-20:04:49 [INFO] -- eleThread_A: message received: [Timer (TimesUp) -- [53610]: Time's up!].
181120-20:04:49 [INFO] -- eleThread_A A
181120-20:04:49 [INFO] -- A: 2
181120-20:04:50 [INFO] -- eleThread_A: message received: [Timer (TimesUp) -- [82832]: Time's up!].
181120-20:04:50 [INFO] -- eleThread_A A
181120-20:04:50 [INFO] -- A: 1
181120-20:04:51 [INFO] -- eleThread_A: message received: [Timer (TimesUp) -- [79508]: Time's up!].
181120-20:04:51 [INFO] -- eleThread_A A
181120-20:04:51 [INFO] -- A: 0
181120-20:04:52 [INFO] -- eleThread_A: message received: [Timer (TimesUp) -- [96009]: Time's up!].
181120-20:04:52 [INFO] -- eleThread_A A
181120-20:04:52 [INFO] -- A: 1
181120-20:04:53 [INFO] -- eleThread_A: message received: [Timer (TimesUp) -- [38794]: Time's up!].
181120-20:04:53 [INFO] -- eleThread_A A
181120-20:04:53 [INFO] -- A: 2
181120-20:04:54 [INFO] -- eleThread_A: message received: [Timer (TimesUp) -- [78807]: Time's up!].
181120-20:04:54 [INFO] -- eleThread_A A
181120-20:04:54 [INFO] -- A: 3
181120-20:04:55 [INFO] -- eleThread_A: message received: [Timer (TimesUp) -- [68891]: Time's up!].
181120-20:04:55 [INFO] -- eleThread_A A
181120-20:04:55 [INFO] -- A: 4
181120-20:04:56 [INFO] -- eleThread_A: message received: [Timer (TimesUp) -- [60100]: Time's up!].
181120-20:04:56 [INFO] -- eleThread_A A
181120-20:04:56 [INFO] -- A: 5
181120-20:04:57 [INFO] -- eleThread_A: message received: [Timer (TimesUp) -- [99435]: Time's up!].
181120-20:04:57 [INFO] -- eleThread_A A
181120-20:04:57 [INFO] -- A: 6
181120-20:04:58 [INFO] -- eleThread_A: message received: [Timer (TimesUp) -- [23124]: Time's up!].
181120-20:04:58 [INFO] -- eleThread_A A
181120-20:04:58 [INFO] -- A: 7
181120-20:04:59 [INFO] -- eleThread_A: message received: [Timer (TimesUp) -- [27831]: Time's up!].
181120-20:04:59 [INFO] -- eleThread_A A
181120-20:04:59 [INFO] -- A: 8
181120-20:05:00 [INFO] -- eleThread_A: message received: [Timer (TimesUp) -- [33428]: Time's up!].
181120-20:05:00 [INFO] -- eleThread_A A
181120-20:05:00 [INFO] -- A: 9
181120-20:05:01 [INFO] -- eleThread_A: message received: [Timer (TimesUp) -- [80766]: Time's up!].
181120-20:05:01 [INFO] -- eleThread_A A
181120-20:05:01 [INFO] -- A: 10
181120-20:05:02 [INFO] -- eleThread_A: message received: [Timer (TimesUp) -- [94293]: Time's up!].
181120-20:05:02 [INFO] -- eleThread_A A
181120-20:05:02 [INFO] -- A: 9
181120-20:05:03 [INFO] -- eleThread_A: message received: [Timer (TimesUp) -- [43225]: Time's up!].
181120-20:05:03 [INFO] -- eleThread_A A
181120-20:05:03 [INFO] -- A: 8
181120-20:05:04 [INFO] -- eleThread_A: message received: [Timer (TimesUp) -- [81904]: Time's up!].
181120-20:05:04 [INFO] -- eleThread_A A
181120-20:05:04 [INFO] -- A: 7
181120-20:05:05 [INFO] -- eleThread_A: message received: [Timer (TimesUp) -- [55696]: Time's up!].
181120-20:05:05 [INFO] -- eleThread_A A
181120-20:05:05 [INFO] -- A: 6
181120-20:05:06 [INFO] -- eleThread_A: message received: [Timer (TimesUp) -- [11143]: Time's up!].
181120-20:05:06 [INFO] -- eleThread_A A
181120-20:05:06 [INFO] -- A: 5
181120-20:05:07 [INFO] -- eleThread_A: message received: [Timer (TimesUp) -- [67583]: Time's up!].
181120-20:05:07 [INFO] -- eleThread_A A
181120-20:05:07 [INFO] -- A: 4
181120-20:05:08 [INFO] -- eleThread_A: message received: [Timer (TimesUp) -- [22710]: Time's up!].
181120-20:05:08 [INFO] -- eleThread_A A
181120-20:05:08 [INFO] -- A: 3
181120-20:05:09 [INFO] -- eleThread_A: message received: [Timer (TimesUp) -- [77383]: Time's up!].
181120-20:05:09 [INFO] -- eleThread_A A
181120-20:05:09 [INFO] -- A: 2
181120-20:05:10 [INFO] -- eleThread_A: message received: [Timer (TimesUp) -- [17325]: Time's up!].
181120-20:05:10 [INFO] -- eleThread_A A
181120-20:05:10 [INFO] -- A: 1
181120-20:05:11 [INFO] -- eleThread_A: message received: [Timer (TimesUp) -- [16819]: Time's up!].
181120-20:05:11 [INFO] -- eleThread_A A
181120-20:05:11 [INFO] -- A: 0
181120-20:05:12 [INFO] -- eleThread_A: message received: [Timer (TimesUp) -- [64786]: Time's up!].
181120-20:05:12 [INFO] -- eleThread_A A
181120-20:05:12 [INFO] -- A: 1
181120-20:05:13 [INFO] -- eleThread_A: message received: [Timer (TimesUp) -- [75425]: Time's up!].
181120-20:05:13 [INFO] -- eleThread_A A
181120-20:05:13 [INFO] -- A: 2
181120-20:05:14 [INFO] -- eleThread_A: message received: [Timer (TimesUp) -- [75843]: Time's up!].
181120-20:05:14 [INFO] -- eleThread_A A
181120-20:05:14 [INFO] -- A: 3
181120-20:05:15 [INFO] -- eleThread_A: message received: [Timer (TimesUp) -- [12157]: Time's up!].
181120-20:05:15 [INFO] -- eleThread_A A
181120-20:05:15 [INFO] -- A: 4
181120-20:05:16 [INFO] -- eleThread_A: message received: [Timer (TimesUp) -- [68288]: Time's up!].
181120-20:05:16 [INFO] -- eleThread_A A
181120-20:05:16 [INFO] -- A: 5
181120-20:05:17 [INFO] -- eleThread_A: message received: [Timer (TimesUp) -- [48617]: Time's up!].
181120-20:05:17 [INFO] -- eleThread_A A
181120-20:05:17 [INFO] -- A: 6
181120-20:05:18 [INFO] -- eleThread_A: message received: [Timer (TimesUp) -- [52217]: Time's up!].
181120-20:05:18 [INFO] -- eleThread_A A
181120-20:05:18 [INFO] -- A: 7
181120-20:05:19 [INFO] -- eleThread_A: message received: [Timer (TimesUp) -- [35582]: Time's up!].
181120-20:05:19 [INFO] -- eleThread_A A
181120-20:05:19 [INFO] -- A: 8
181120-20:05:20 [INFO] -- eleThread_A: message received: [Timer (TimesUp) -- [30659]: Time's up!].
181120-20:05:20 [INFO] -- eleThread_A A
181120-20:05:20 [INFO] -- A: 9
181120-20:05:21 [INFO] -- eleThread_A: message received: [Timer (TimesUp) -- [92637]: Time's up!].
181120-20:05:21 [INFO] -- eleThread_A A
181120-20:05:21 [INFO] -- A: 10
181120-20:05:22 [INFO] -- eleThread_A: message received: [Timer (TimesUp) -- [18011]: Time's up!].
181120-20:05:22 [INFO] -- eleThread_A A
181120-20:05:22 [INFO] -- A: 9
181120-20:05:23 [INFO] -- eleThread_A: message received: [Timer (TimesUp) -- [74035]: Time's up!].
181120-20:05:23 [INFO] -- eleThread_A A
181120-20:05:23 [INFO] -- A: 8
181120-20:05:24 [INFO] -- eleThread_A: message received: [Timer (TimesUp) -- [35150]: Time's up!].
181120-20:05:24 [INFO] -- eleThread_A A
181120-20:05:24 [INFO] -- A: 7
181120-20:05:25 [INFO] -- eleThread_A: message received: [Timer (TimesUp) -- [34492]: Time's up!].
181120-20:05:25 [INFO] -- eleThread_A A
181120-20:05:25 [INFO] -- A: 6
181120-20:05:26 [INFO] -- eleThread_A: message received: [Timer (TimesUp) -- [55357]: Time's up!].
181120-20:05:26 [INFO] -- eleThread_A A
181120-20:05:26 [INFO] -- A: 5
181120-20:05:27 [INFO] -- eleThread_A: message received: [Timer (TimesUp) -- [57286]: Time's up!].
181120-20:05:27 [INFO] -- eleThread_A A
181120-20:05:27 [INFO] -- A: 4
181120-20:05:28 [INFO] -- eleThread_A: message received: [Timer (TimesUp) -- [85137]: Time's up!].
181120-20:05:28 [INFO] -- eleThread_A A
181120-20:05:28 [INFO] -- A: 3
181120-20:05:29 [INFO] -- eleThread_A: message received: [Timer (TimesUp) -- [46737]: Time's up!].
181120-20:05:29 [INFO] -- eleThread_A A
181120-20:05:29 [INFO] -- A: 2
181120-20:05:30 [INFO] -- eleThread_A: message received: [Timer (TimesUp) -- [98246]: Time's up!].
181120-20:05:30 [INFO] -- eleThread_A A
181120-20:05:30 [INFO] -- A: 1
181120-20:05:31 [INFO] -- eleThread_A: message received: [Timer (TimesUp) -- [27506]: Time's up!].
181120-20:05:31 [INFO] -- eleThread_A A
181120-20:05:31 [INFO] -- A: 0
181120-20:05:32 [INFO] -- eleThread_A: message received: [Timer (TimesUp) -- [97082]: Time's up!].
181120-20:05:32 [INFO] -- eleThread_A A
181120-20:05:32 [INFO] -- A: 1
181120-20:05:33 [INFO] -- eleThread_A: message received: [Timer (TimesUp) -- [98035]: Time's up!].
181120-20:05:33 [INFO] -- eleThread_A A
181120-20:05:33 [INFO] -- A: 2
181120-20:05:34 [INFO] -- eleThread_A: message received: [Timer (TimesUp) -- [35419]: Time's up!].
181120-20:05:34 [INFO] -- eleThread_A A
181120-20:05:34 [INFO] -- A: 3
181120-20:05:35 [INFO] -- eleThread_A: message received: [Timer (TimesUp) -- [38607]: Time's up!].
181120-20:05:35 [INFO] -- eleThread_A A
181120-20:05:35 [INFO] -- A: 4
181120-20:05:36 [INFO] -- eleThread_A: message received: [Timer (TimesUp) -- [81434]: Time's up!].
181120-20:05:36 [INFO] -- eleThread_A A
181120-20:05:36 [INFO] -- A: 5
181120-20:05:37 [INFO] -- eleThread_A: message received: [Timer (TimesUp) -- [13293]: Time's up!].
181120-20:05:37 [INFO] -- eleThread_A A
181120-20:05:37 [INFO] -- A: 6
181120-20:05:38 [INFO] -- eleThread_A: message received: [Timer (TimesUp) -- [74457]: Time's up!].
181120-20:05:38 [INFO] -- eleThread_A A
181120-20:05:38 [INFO] -- A: 7
181120-20:05:39 [INFO] -- eleThread_A: message received: [Timer (TimesUp) -- [99018]: Time's up!].
181120-20:05:39 [INFO] -- eleThread_A A
181120-20:05:39 [INFO] -- A: 8
181120-20:05:40 [INFO] -- eleThread_A: message received: [Timer (TimesUp) -- [75245]: Time's up!].
181120-20:05:40 [INFO] -- eleThread_A A
181120-20:05:40 [INFO] -- A: 9
181120-20:05:41 [INFO] -- eleThread_A: message received: [Timer (TimesUp) -- [49387]: Time's up!].
181120-20:05:41 [INFO] -- eleThread_A A
181120-20:05:41 [INFO] -- A: 10
181120-20:05:42 [INFO] -- eleThread_A: message received: [Timer (TimesUp) -- [72099]: Time's up!].
181120-20:05:42 [INFO] -- eleThread_A A
181120-20:05:42 [INFO] -- A: 9
181120-20:05:43 [INFO] -- eleThread_A: message received: [Timer (TimesUp) -- [80929]: Time's up!].
181120-20:05:43 [INFO] -- eleThread_A A
181120-20:05:43 [INFO] -- A: 8
181120-20:05:44 [INFO] -- eleThread_A: message received: [Timer (TimesUp) -- [81853]: Time's up!].
181120-20:05:44 [INFO] -- eleThread_A A
181120-20:05:44 [INFO] -- A: 7
181120-20:05:45 [INFO] -- eleThread_A: message received: [Timer (TimesUp) -- [15763]: Time's up!].
181120-20:05:45 [INFO] -- eleThread_A A
181120-20:05:45 [INFO] -- A: 6
181120-20:05:46 [INFO] -- eleThread_A: message received: [Timer (TimesUp) -- [59787]: Time's up!].
181120-20:05:46 [INFO] -- eleThread_A A
181120-20:05:46 [INFO] -- A: 5
181120-20:05:47 [INFO] -- eleThread_A: message received: [Timer (TimesUp) -- [20364]: Time's up!].
181120-20:05:47 [INFO] -- eleThread_A A
181120-20:05:47 [INFO] -- A: 4
181120-20:05:48 [INFO] -- eleThread_A: message received: [Timer (TimesUp) -- [40962]: Time's up!].
181120-20:05:48 [INFO] -- eleThread_A A
181120-20:05:48 [INFO] -- A: 3
181120-20:05:49 [INFO] -- eleThread_A: message received: [Timer (TimesUp) -- [59156]: Time's up!].
181120-20:05:49 [INFO] -- eleThread_A A
181120-20:05:49 [INFO] -- A: 2
181120-20:05:50 [INFO] -- eleThread_A: message received: [Timer (TimesUp) -- [76769]: Time's up!].
181120-20:05:50 [INFO] -- eleThread_A A
181120-20:05:50 [INFO] -- A: 1
181120-20:05:51 [INFO] -- eleThread_A: message received: [Timer (TimesUp) -- [71147]: Time's up!].
181120-20:05:51 [INFO] -- eleThread_A A
181120-20:05:51 [INFO] -- A: 0
181120-20:05:52 [INFO] -- eleThread_A: message received: [Timer (TimesUp) -- [13667]: Time's up!].
181120-20:05:52 [INFO] -- eleThread_A A
181120-20:05:52 [INFO] -- A: 1
181120-20:05:53 [INFO] -- eleThread_A: message received: [Timer (TimesUp) -- [84965]: Time's up!].
181120-20:05:53 [INFO] -- eleThread_A A
181120-20:05:53 [INFO] -- A: 2
181120-20:05:54 [INFO] -- eleThread_A: message received: [Timer (TimesUp) -- [76262]: Time's up!].
181120-20:05:54 [INFO] -- eleThread_A A
181120-20:05:54 [INFO] -- A: 3
181120-20:05:55 [INFO] -- eleThread_A: message received: [Timer (TimesUp) -- [58325]: Time's up!].
181120-20:05:55 [INFO] -- eleThread_A A
181120-20:05:55 [INFO] -- A: 4
181120-20:05:56 [INFO] -- eleThread_A: message received: [Timer (TimesUp) -- [87135]: Time's up!].
181120-20:05:56 [INFO] -- eleThread_A A
181120-20:05:56 [INFO] -- A: 5
181120-20:05:57 [INFO] -- eleThread_A: message received: [Timer (TimesUp) -- [75313]: Time's up!].
181120-20:05:57 [INFO] -- eleThread_A A
181120-20:05:57 [INFO] -- A: 6
181120-20:05:58 [INFO] -- eleThread_A: message received: [Timer (TimesUp) -- [42717]: Time's up!].
181120-20:05:58 [INFO] -- eleThread_A A
181120-20:05:58 [INFO] -- A: 7
181120-20:05:59 [INFO] -- eleThread_A: message received: [Timer (TimesUp) -- [50679]: Time's up!].
181120-20:05:59 [INFO] -- eleThread_A A
181120-20:05:59 [INFO] -- A: 8
181120-20:06:00 [INFO] -- eleThread_A: message received: [Timer (TimesUp) -- [37536]: Time's up!].
181120-20:06:00 [INFO] -- eleThread_A A
181120-20:06:00 [INFO] -- A: 9
181120-20:06:01 [INFO] -- eleThread_A: message received: [Timer (TimesUp) -- [73339]: Time's up!].
181120-20:06:01 [INFO] -- eleThread_A A
181120-20:06:01 [INFO] -- A: 10
181120-20:06:02 [INFO] -- eleThread_A: message received: [Timer (TimesUp) -- [39238]: Time's up!].
181120-20:06:02 [INFO] -- eleThread_A A
181120-20:06:02 [INFO] -- A: 9
181120-20:06:03 [INFO] -- eleThread_A: message received: [Timer (TimesUp) -- [44413]: Time's up!].
181120-20:06:03 [INFO] -- eleThread_A A
181120-20:06:03 [INFO] -- A: 8
181120-20:06:04 [INFO] -- eleThread_A: message received: [Timer (TimesUp) -- [37404]: Time's up!].
181120-20:06:04 [INFO] -- eleThread_A A
181120-20:06:04 [INFO] -- A: 7
181120-20:06:05 [INFO] -- eleThread_A: message received: [Timer (TimesUp) -- [99347]: Time's up!].
181120-20:06:05 [INFO] -- eleThread_A A
181120-20:06:05 [INFO] -- A: 6
181120-20:06:06 [INFO] -- eleThread_A: message received: [Timer (TimesUp) -- [92133]: Time's up!].
181120-20:06:06 [INFO] -- eleThread_A A
181120-20:06:06 [INFO] -- A: 5
181120-20:06:07 [INFO] -- eleThread_A: message received: [Timer (TimesUp) -- [63456]: Time's up!].
181120-20:06:07 [INFO] -- eleThread_A A
181120-20:06:07 [INFO] -- A: 4
181120-20:06:08 [INFO] -- eleThread_A: message received: [Timer (TimesUp) -- [75723]: Time's up!].
181120-20:06:08 [INFO] -- eleThread_A A
181120-20:06:08 [INFO] -- A: 3
181120-20:06:09 [INFO] -- eleThread_A: message received: [Timer (TimesUp) -- [93203]: Time's up!].
181120-20:06:09 [INFO] -- eleThread_A A
181120-20:06:09 [INFO] -- A: 2
181120-20:06:10 [INFO] -- eleThread_A: message received: [Timer (TimesUp) -- [75939]: Time's up!].
181120-20:06:10 [INFO] -- eleThread_A A
181120-20:06:10 [INFO] -- A: 1
181120-20:06:11 [INFO] -- eleThread_A: message received: [Timer (TimesUp) -- [94779]: Time's up!].
181120-20:06:11 [INFO] -- eleThread_A A
181120-20:06:11 [INFO] -- A: 0
181120-20:06:12 [INFO] -- eleThread_A: message received: [Timer (TimesUp) -- [33834]: Time's up!].
181120-20:06:12 [INFO] -- eleThread_A A
181120-20:06:12 [INFO] -- A: 1
181120-20:06:13 [INFO] -- eleThread_A: message received: [Timer (TimesUp) -- [11140]: Time's up!].
181120-20:06:13 [INFO] -- eleThread_A A
181120-20:06:13 [INFO] -- A: 2
181120-20:06:14 [INFO] -- eleThread_A: message received: [Timer (TimesUp) -- [94280]: Time's up!].
181120-20:06:14 [INFO] -- eleThread_A A
181120-20:06:14 [INFO] -- A: 3
181120-20:06:15 [INFO] -- eleThread_A: message received: [Timer (TimesUp) -- [89725]: Time's up!].
181120-20:06:15 [INFO] -- eleThread_A A
181120-20:06:15 [INFO] -- A: 4
181120-20:06:16 [INFO] -- eleThread_A: message received: [Timer (TimesUp) -- [18107]: Time's up!].
181120-20:06:16 [INFO] -- eleThread_A A
181120-20:06:16 [INFO] -- A: 5
181120-20:06:17 [INFO] -- eleThread_A: message received: [Timer (TimesUp) -- [78764]: Time's up!].
181120-20:06:17 [INFO] -- eleThread_A A
181120-20:06:17 [INFO] -- A: 6
181120-20:06:18 [INFO] -- eleThread_A: message received: [Timer (TimesUp) -- [88900]: Time's up!].
181120-20:06:18 [INFO] -- eleThread_A A
181120-20:06:18 [INFO] -- A: 7
181120-20:06:19 [INFO] -- eleThread_A: message received: [Timer (TimesUp) -- [80923]: Time's up!].
181120-20:06:19 [INFO] -- eleThread_A A
181120-20:06:19 [INFO] -- A: 8
181120-20:06:20 [INFO] -- eleThread_A: message received: [Timer (TimesUp) -- [63947]: Time's up!].
181120-20:06:20 [INFO] -- eleThread_A A
181120-20:06:20 [INFO] -- A: 9
181120-20:06:21 [INFO] -- eleThread_A: message received: [Timer (TimesUp) -- [98989]: Time's up!].
181120-20:06:21 [INFO] -- eleThread_A A
181120-20:06:21 [INFO] -- A: 10
181120-20:06:22 [INFO] -- eleThread_A: message received: [Timer (TimesUp) -- [76580]: Time's up!].
181120-20:06:22 [INFO] -- eleThread_A A
181120-20:06:22 [INFO] -- A: 9
181120-20:06:23 [INFO] -- eleThread_A: message received: [Timer (TimesUp) -- [81963]: Time's up!].
181120-20:06:23 [INFO] -- eleThread_A A
181120-20:06:23 [INFO] -- A: 8
181120-20:06:24 [INFO] -- eleThread_A: message received: [Timer (TimesUp) -- [88600]: Time's up!].
181120-20:06:24 [INFO] -- eleThread_A A
181120-20:06:24 [INFO] -- A: 7
181120-20:06:25 [INFO] -- eleThread_A: message received: [Timer (TimesUp) -- [32168]: Time's up!].
181120-20:06:25 [INFO] -- eleThread_A A
181120-20:06:25 [INFO] -- A: 6
181120-20:06:26 [INFO] -- eleThread_A: message received: [Timer (TimesUp) -- [16751]: Time's up!].
181120-20:06:26 [INFO] -- eleThread_A A
181120-20:06:26 [INFO] -- A: 5
181120-20:06:27 [INFO] -- eleThread_A: message received: [Timer (TimesUp) -- [75773]: Time's up!].
181120-20:06:27 [INFO] -- eleThread_A A
181120-20:06:27 [INFO] -- A: 4
181120-20:06:28 [INFO] -- eleThread_A: message received: [Timer (TimesUp) -- [50820]: Time's up!].
181120-20:06:28 [INFO] -- eleThread_A A
181120-20:06:28 [INFO] -- A: 3
181120-20:06:29 [INFO] -- eleThread_A: message received: [Timer (TimesUp) -- [58842]: Time's up!].
181120-20:06:29 [INFO] -- eleThread_A A
181120-20:06:29 [INFO] -- A: 2
181120-20:06:30 [INFO] -- eleThread_A: message received: [Timer (TimesUp) -- [52833]: Time's up!].
181120-20:06:30 [INFO] -- eleThread_A A
181120-20:06:30 [INFO] -- A: 1
181120-20:06:31 [INFO] -- eleThread_A: message received: [Timer (TimesUp) -- [46090]: Time's up!].
181120-20:06:31 [INFO] -- eleThread_A A
181120-20:06:31 [INFO] -- A: 0
181120-20:06:32 [INFO] -- eleThread_A: message received: [Timer (TimesUp) -- [65745]: Time's up!].
181120-20:06:32 [INFO] -- eleThread_A A
181120-20:06:32 [INFO] -- A: 1
181120-20:06:33 [INFO] -- eleThread_A: message received: [Timer (TimesUp) -- [50844]: Time's up!].
181120-20:06:33 [INFO] -- eleThread_A A
181120-20:06:33 [INFO] -- A: 2
181120-20:06:34 [INFO] -- eleThread_A: message received: [Timer (TimesUp) -- [83610]: Time's up!].
181120-20:06:34 [INFO] -- eleThread_A A
181120-20:06:34 [INFO] -- A: 3
181120-20:06:35 [INFO] -- eleThread_A: message received: [Timer (TimesUp) -- [15031]: Time's up!].
181120-20:06:35 [INFO] -- eleThread_A A
181120-20:06:35 [INFO] -- A: 4
181120-20:06:36 [INFO] -- eleThread_A: message received: [Timer (TimesUp) -- [63690]: Time's up!].
181120-20:06:36 [INFO] -- eleThread_A A
181120-20:06:36 [INFO] -- A: 5
181120-20:06:37 [INFO] -- eleThread_A: message received: [Timer (TimesUp) -- [72389]: Time's up!].
181120-20:06:37 [INFO] -- eleThread_A A
181120-20:06:37 [INFO] -- A: 6
181120-20:06:38 [INFO] -- eleThread_A: message received: [Timer (TimesUp) -- [72396]: Time's up!].
181120-20:06:38 [INFO] -- eleThread_A A
181120-20:06:38 [INFO] -- A: 7
181120-20:06:39 [INFO] -- eleThread_A: message received: [Timer (TimesUp) -- [53791]: Time's up!].
181120-20:06:39 [INFO] -- eleThread_A A
181120-20:06:39 [INFO] -- A: 8
181120-20:06:40 [INFO] -- eleThread_A: message received: [Timer (TimesUp) -- [94433]: Time's up!].
181120-20:06:40 [INFO] -- eleThread_A A
181120-20:06:40 [INFO] -- A: 9
181120-20:06:41 [INFO] -- eleThread_A: message received: [Timer (TimesUp) -- [25316]: Time's up!].
181120-20:06:41 [INFO] -- eleThread_A A
181120-20:06:41 [INFO] -- A: 10
181120-20:06:42 [INFO] -- eleThread_A: message received: [Timer (TimesUp) -- [68309]: Time's up!].
181120-20:06:42 [INFO] -- eleThread_A A
181120-20:06:42 [INFO] -- A: 9
181120-20:06:43 [INFO] -- eleThread_A: message received: [Timer (TimesUp) -- [19444]: Time's up!].
181120-20:06:43 [INFO] -- eleThread_A A
181120-20:06:43 [INFO] -- A: 8
181120-20:06:44 [INFO] -- eleThread_A: message received: [Timer (TimesUp) -- [70261]: Time's up!].
181120-20:06:44 [INFO] -- eleThread_A A
181120-20:06:44 [INFO] -- A: 7
181120-20:06:45 [INFO] -- eleThread_A: message received: [Timer (TimesUp) -- [29646]: Time's up!].
181120-20:06:45 [INFO] -- eleThread_A A
181120-20:06:45 [INFO] -- A: 6
181120-20:06:46 [INFO] -- eleThread_A: message received: [Timer (TimesUp) -- [94412]: Time's up!].
181120-20:06:46 [INFO] -- eleThread_A A
181120-20:06:46 [INFO] -- A: 5
181120-20:06:47 [INFO] -- eleThread_A: message received: [Timer (TimesUp) -- [65735]: Time's up!].
181120-20:06:47 [INFO] -- eleThread_A A
181120-20:06:47 [INFO] -- A: 4
181120-20:06:48 [INFO] -- eleThread_A: message received: [Timer (TimesUp) -- [47180]: Time's up!].
181120-20:06:48 [INFO] -- eleThread_A A
181120-20:06:48 [INFO] -- A: 3
181120-20:06:49 [INFO] -- eleThread_A: message received: [Timer (TimesUp) -- [69071]: Time's up!].
181120-20:06:49 [INFO] -- eleThread_A A
181120-20:06:49 [INFO] -- A: 2
181120-20:06:50 [INFO] -- eleThread_A: message received: [Timer (TimesUp) -- [18531]: Time's up!].
181120-20:06:50 [INFO] -- eleThread_A A
181120-20:06:50 [INFO] -- A: 1
181120-20:06:51 [INFO] -- eleThread_A: message received: [Timer (TimesUp) -- [98585]: Time's up!].
181120-20:06:51 [INFO] -- eleThread_A A
181120-20:06:51 [INFO] -- A: 0
181120-20:06:52 [INFO] -- eleThread_A: message received: [Timer (TimesUp) -- [25753]: Time's up!].
181120-20:06:52 [INFO] -- eleThread_A A
181120-20:06:52 [INFO] -- A: 1
181120-20:06:53 [INFO] -- eleThread_A: message received: [Timer (TimesUp) -- [87254]: Time's up!].
181120-20:06:53 [INFO] -- eleThread_A A
181120-20:06:53 [INFO] -- A: 2
181120-20:06:54 [INFO] -- eleThread_A: message received: [Timer (TimesUp) -- [67982]: Time's up!].
181120-20:06:54 [INFO] -- eleThread_A A
181120-20:06:54 [INFO] -- A: 3
181120-20:06:55 [INFO] -- eleThread_A: message received: [Timer (TimesUp) -- [34980]: Time's up!].
181120-20:06:55 [INFO] -- eleThread_A A
181120-20:06:55 [INFO] -- A: 4
181120-20:06:56 [INFO] -- eleThread_A: message received: [Timer (TimesUp) -- [96614]: Time's up!].
181120-20:06:56 [INFO] -- eleThread_A A
181120-20:06:56 [INFO] -- A: 5
181120-20:06:57 [INFO] -- eleThread_A: message received: [Timer (TimesUp) -- [80431]: Time's up!].
181120-20:06:57 [INFO] -- eleThread_A A
181120-20:06:57 [INFO] -- A: 6
181120-20:06:58 [INFO] -- eleThread_A: message received: [Timer (TimesUp) -- [47593]: Time's up!].
181120-20:06:58 [INFO] -- eleThread_A A
181120-20:06:58 [INFO] -- A: 7
181120-20:06:59 [INFO] -- eleThread_A: message received: [Timer (TimesUp) -- [46653]: Time's up!].
181120-20:06:59 [INFO] -- eleThread_A A
181120-20:06:59 [INFO] -- A: 8
181120-20:07:00 [INFO] -- eleThread_A: message received: [Timer (TimesUp) -- [24507]: Time's up!].
181120-20:07:00 [INFO] -- eleThread_A A
181120-20:07:00 [INFO] -- A: 9
181120-20:07:01 [INFO] -- eleThread_A: message received: [Timer (TimesUp) -- [47963]: Time's up!].
181120-20:07:01 [INFO] -- eleThread_A A
181120-20:07:01 [INFO] -- A: 10
181120-20:07:02 [INFO] -- eleThread_A: message received: [Timer (TimesUp) -- [26197]: Time's up!].
181120-20:07:02 [INFO] -- eleThread_A A
181120-20:07:02 [INFO] -- A: 9
181120-20:07:03 [INFO] -- eleThread_A: message received: [Timer (TimesUp) -- [58164]: Time's up!].
181120-20:07:03 [INFO] -- eleThread_A A
181120-20:07:03 [INFO] -- A: 8
181120-20:07:04 [INFO] -- eleThread_A: message received: [Timer (TimesUp) -- [61709]: Time's up!].
181120-20:07:04 [INFO] -- eleThread_A A
181120-20:07:04 [INFO] -- A: 7
181120-20:07:05 [INFO] -- eleThread_A: message received: [Timer (TimesUp) -- [25355]: Time's up!].
181120-20:07:05 [INFO] -- eleThread_A A
181120-20:07:05 [INFO] -- A: 6
181120-20:07:06 [INFO] -- eleThread_A: message received: [Timer (TimesUp) -- [24397]: Time's up!].
181120-20:07:06 [INFO] -- eleThread_A A
181120-20:07:06 [INFO] -- A: 5
181120-20:07:07 [INFO] -- eleThread_A: message received: [Timer (TimesUp) -- [24919]: Time's up!].
181120-20:07:07 [INFO] -- eleThread_A A
181120-20:07:07 [INFO] -- A: 4
181120-20:07:08 [INFO] -- eleThread_A: message received: [Timer (TimesUp) -- [12756]: Time's up!].
181120-20:07:08 [INFO] -- eleThread_A A
181120-20:07:08 [INFO] -- A: 3
181120-20:07:09 [INFO] -- eleThread_A: message received: [Timer (TimesUp) -- [15515]: Time's up!].
181120-20:07:09 [INFO] -- eleThread_A A
181120-20:07:09 [INFO] -- A: 2
181120-20:07:10 [INFO] -- eleThread_A: message received: [Timer (TimesUp) -- [93369]: Time's up!].
181120-20:07:10 [INFO] -- eleThread_A A
181120-20:07:10 [INFO] -- A: 1
181120-20:07:11 [INFO] -- eleThread_A: message received: [Timer (TimesUp) -- [11239]: Time's up!].
181120-20:07:11 [INFO] -- eleThread_A A
181120-20:07:11 [INFO] -- A: 0
181120-20:07:12 [INFO] -- eleThread_A: message received: [Timer (TimesUp) -- [82612]: Time's up!].
181120-20:07:12 [INFO] -- eleThread_A A
181120-20:07:12 [INFO] -- A: 1
181120-20:07:13 [INFO] -- eleThread_A: message received: [Timer (TimesUp) -- [80966]: Time's up!].
181120-20:07:13 [INFO] -- eleThread_A A
181120-20:07:13 [INFO] -- A: 2
181120-20:07:14 [INFO] -- eleThread_A: message received: [Timer (TimesUp) -- [85892]: Time's up!].
181120-20:07:14 [INFO] -- eleThread_A A
181120-20:07:14 [INFO] -- A: 3
181120-20:07:15 [INFO] -- eleThread_A: message received: [Timer (TimesUp) -- [72324]: Time's up!].
181120-20:07:15 [INFO] -- eleThread_A A
181120-20:07:15 [INFO] -- A: 4
181120-20:07:16 [INFO] -- eleThread_A: message received: [Timer (TimesUp) -- [58050]: Time's up!].
181120-20:07:16 [INFO] -- eleThread_A A
181120-20:07:16 [INFO] -- A: 5
181120-20:07:17 [INFO] -- eleThread_A: message received: [Timer (TimesUp) -- [46833]: Time's up!].
181120-20:07:17 [INFO] -- eleThread_A A
181120-20:07:17 [INFO] -- A: 6
181120-20:07:18 [INFO] -- eleThread_A: message received: [Timer (TimesUp) -- [22667]: Time's up!].
181120-20:07:18 [INFO] -- eleThread_A A
181120-20:07:18 [INFO] -- A: 7
181120-20:07:19 [INFO] -- eleThread_A: message received: [Timer (TimesUp) -- [28053]: Time's up!].
181120-20:07:19 [INFO] -- eleThread_A A
181120-20:07:19 [INFO] -- A: 8
181120-20:07:20 [INFO] -- eleThread_A: message received: [Timer (TimesUp) -- [18303]: Time's up!].
181120-20:07:20 [INFO] -- eleThread_A A
181120-20:07:20 [INFO] -- A: 9
181120-20:07:21 [INFO] -- eleThread_A: message received: [Timer (TimesUp) -- [15298]: Time's up!].
181120-20:07:21 [INFO] -- eleThread_A A
181120-20:07:21 [INFO] -- A: 10
181120-20:07:22 [INFO] -- eleThread_A: message received: [Timer (TimesUp) -- [19981]: Time's up!].
181120-20:07:22 [INFO] -- eleThread_A A
181120-20:07:22 [INFO] -- A: 9
181120-20:07:23 [INFO] -- eleThread_A: message received: [Timer (TimesUp) -- [15277]: Time's up!].
181120-20:07:23 [INFO] -- eleThread_A A
181120-20:07:23 [INFO] -- A: 8
181120-20:07:24 [INFO] -- eleThread_A: message received: [Timer (TimesUp) -- [39768]: Time's up!].
181120-20:07:24 [INFO] -- eleThread_A A
181120-20:07:24 [INFO] -- A: 7
181120-20:07:25 [INFO] -- eleThread_A: message received: [Timer (TimesUp) -- [34801]: Time's up!].
181120-20:07:25 [INFO] -- eleThread_A A
181120-20:07:25 [INFO] -- A: 6
181120-20:07:26 [INFO] -- eleThread_A: message received: [Timer (TimesUp) -- [76516]: Time's up!].
181120-20:07:26 [INFO] -- eleThread_A A
181120-20:07:26 [INFO] -- A: 5
181120-20:07:27 [INFO] -- eleThread_A: message received: [Timer (TimesUp) -- [99834]: Time's up!].
181120-20:07:27 [INFO] -- eleThread_A A
181120-20:07:27 [INFO] -- A: 4
181120-20:07:28 [INFO] -- eleThread_A: message received: [Timer (TimesUp) -- [67772]: Time's up!].
181120-20:07:28 [INFO] -- eleThread_A A
181120-20:07:28 [INFO] -- A: 3
181120-20:07:29 [INFO] -- eleThread_A: message received: [Timer (TimesUp) -- [38535]: Time's up!].
181120-20:07:29 [INFO] -- eleThread_A A
181120-20:07:29 [INFO] -- A: 2
181120-20:07:30 [INFO] -- eleThread_A: message received: [Timer (TimesUp) -- [41152]: Time's up!].
181120-20:07:30 [INFO] -- eleThread_A A
181120-20:07:30 [INFO] -- A: 1
181120-20:07:31 [INFO] -- eleThread_A: message received: [Timer (TimesUp) -- [69423]: Time's up!].
181120-20:07:31 [INFO] -- eleThread_A A
181120-20:07:31 [INFO] -- A: 0
181120-20:07:32 [INFO] -- eleThread_A: message received: [Timer (TimesUp) -- [74300]: Time's up!].
181120-20:07:32 [INFO] -- eleThread_A A
181120-20:07:32 [INFO] -- A: 1
181120-20:07:33 [INFO] -- eleThread_A: message received: [Timer (TimesUp) -- [29370]: Time's up!].
181120-20:07:33 [INFO] -- eleThread_A A
181120-20:07:33 [INFO] -- A: 2
181120-20:07:34 [INFO] -- eleThread_A: message received: [Timer (TimesUp) -- [58282]: Time's up!].
181120-20:07:34 [INFO] -- eleThread_A A
181120-20:07:34 [INFO] -- A: 3
181120-20:07:35 [INFO] -- eleThread_A: message received: [Timer (TimesUp) -- [37872]: Time's up!].
181120-20:07:35 [INFO] -- eleThread_A A
181120-20:07:35 [INFO] -- A: 4
181120-20:07:36 [INFO] -- eleThread_A: message received: [Timer (TimesUp) -- [78662]: Time's up!].
181120-20:07:36 [INFO] -- eleThread_A A
181120-20:07:36 [INFO] -- A: 5
181120-20:07:37 [INFO] -- eleThread_A: message received: [Timer (TimesUp) -- [67125]: Time's up!].
181120-20:07:37 [INFO] -- eleThread_A A
181120-20:07:37 [INFO] -- A: 6
181120-20:07:38 [INFO] -- eleThread_A: message received: [Timer (TimesUp) -- [87753]: Time's up!].
181120-20:07:38 [INFO] -- eleThread_A A
181120-20:07:38 [INFO] -- A: 7
181120-20:07:39 [INFO] -- eleThread_A: message received: [Timer (TimesUp) -- [37798]: Time's up!].
181120-20:07:39 [INFO] -- eleThread_A A
181120-20:07:39 [INFO] -- A: 8
181120-20:07:40 [INFO] -- eleThread_A: message received: [Timer (TimesUp) -- [15345]: Time's up!].
181120-20:07:40 [INFO] -- eleThread_A A
181120-20:07:40 [INFO] -- A: 9
181120-20:07:41 [INFO] -- eleThread_A: message received: [Timer (TimesUp) -- [11828]: Time's up!].
181120-20:07:41 [INFO] -- eleThread_A A
181120-20:07:41 [INFO] -- A: 10
181120-20:07:42 [INFO] -- eleThread_A: message received: [Timer (TimesUp) -- [97337]: Time's up!].
181120-20:07:42 [INFO] -- eleThread_A A
181120-20:07:42 [INFO] -- A: 9
181120-20:07:43 [INFO] -- eleThread_A: message received: [Timer (TimesUp) -- [18782]: Time's up!].
181120-20:07:43 [INFO] -- eleThread_A A
181120-20:07:43 [INFO] -- A: 8
181120-20:07:44 [INFO] -- eleThread_A: message received: [Timer (TimesUp) -- [17194]: Time's up!].
181120-20:07:44 [INFO] -- eleThread_A A
181120-20:07:44 [INFO] -- A: 7
181120-20:07:45 [INFO] -- eleThread_A: message received: [Timer (TimesUp) -- [69279]: Time's up!].
181120-20:07:45 [INFO] -- eleThread_A A
181120-20:07:45 [INFO] -- A: 6
181120-20:07:46 [INFO] -- eleThread_A: message received: [Timer (TimesUp) -- [14448]: Time's up!].
181120-20:07:46 [INFO] -- eleThread_A A
181120-20:07:46 [INFO] -- A: 5
181120-20:07:47 [INFO] -- eleThread_A: message received: [Timer (TimesUp) -- [47217]: Time's up!].
181120-20:07:47 [INFO] -- eleThread_A A
181120-20:07:47 [INFO] -- A: 4
181120-20:07:48 [INFO] -- eleThread_A: message received: [Timer (TimesUp) -- [34362]: Time's up!].
181120-20:07:48 [INFO] -- eleThread_A A
181120-20:07:48 [INFO] -- A: 3
181120-20:07:49 [INFO] -- eleThread_A: message received: [Timer (TimesUp) -- [97548]: Time's up!].
181120-20:07:49 [INFO] -- eleThread_A A
181120-20:07:49 [INFO] -- A: 2
181120-20:07:50 [INFO] -- eleThread_A: message received: [Timer (TimesUp) -- [66067]: Time's up!].
181120-20:07:50 [INFO] -- eleThread_A A
181120-20:07:50 [INFO] -- A: 1
181120-20:07:51 [INFO] -- eleThread_A: message received: [Timer (TimesUp) -- [64506]: Time's up!].
181120-20:07:51 [INFO] -- eleThread_A A
181120-20:07:51 [INFO] -- A: 0
181120-20:07:52 [INFO] -- eleThread_A: message received: [Timer (TimesUp) -- [59764]: Time's up!].
181120-20:07:52 [INFO] -- eleThread_A A
181120-20:07:52 [INFO] -- A: 1
181120-20:07:53 [INFO] -- eleThread_A: message received: [Timer (TimesUp) -- [75324]: Time's up!].
181120-20:07:53 [INFO] -- eleThread_A A
181120-20:07:53 [INFO] -- A: 2
181120-20:07:54 [INFO] -- eleThread_A: message received: [Timer (TimesUp) -- [29188]: Time's up!].
181120-20:07:54 [INFO] -- eleThread_A A
181120-20:07:54 [INFO] -- A: 3
181120-20:07:55 [INFO] -- eleThread_A: message received: [Timer (TimesUp) -- [32170]: Time's up!].
181120-20:07:55 [INFO] -- eleThread_A A
181120-20:07:55 [INFO] -- A: 4
181120-20:07:56 [INFO] -- eleThread_A: message received: [Timer (TimesUp) -- [83476]: Time's up!].
181120-20:07:56 [INFO] -- eleThread_A A
181120-20:07:56 [INFO] -- A: 5
181120-20:07:57 [INFO] -- eleThread_A: message received: [Timer (TimesUp) -- [10088]: Time's up!].
181120-20:07:57 [INFO] -- eleThread_A A
181120-20:07:57 [INFO] -- A: 6
181120-20:07:58 [INFO] -- eleThread_A: message received: [Timer (TimesUp) -- [28436]: Time's up!].
181120-20:07:58 [INFO] -- eleThread_A A
181120-20:07:58 [INFO] -- A: 7
181120-20:07:59 [INFO] -- eleThread_A: message received: [Timer (TimesUp) -- [94185]: Time's up!].
181120-20:07:59 [INFO] -- eleThread_A A
181120-20:07:59 [INFO] -- A: 8
181120-20:08:00 [INFO] -- eleThread_A: message received: [Timer (TimesUp) -- [49827]: Time's up!].
181120-20:08:00 [INFO] -- eleThread_A A
181120-20:08:00 [INFO] -- A: 9
181120-20:08:01 [INFO] -- eleThread_A: message received: [Timer (TimesUp) -- [13899]: Time's up!].
181120-20:08:01 [INFO] -- eleThread_A A
181120-20:08:01 [INFO] -- A: 10
181120-20:08:02 [INFO] -- eleThread_A: message received: [Timer (TimesUp) -- [17766]: Time's up!].
181120-20:08:02 [INFO] -- eleThread_A A
181120-20:08:02 [INFO] -- A: 9
181120-20:08:03 [INFO] -- eleThread_A: message received: [Timer (TimesUp) -- [31042]: Time's up!].
181120-20:08:03 [INFO] -- eleThread_A A
181120-20:08:03 [INFO] -- A: 8
181120-20:08:04 [INFO] -- eleThread_A: message received: [Timer (TimesUp) -- [36445]: Time's up!].
181120-20:08:04 [INFO] -- eleThread_A A
181120-20:08:04 [INFO] -- A: 7
181120-20:08:05 [INFO] -- eleThread_A: message received: [Timer (TimesUp) -- [74859]: Time's up!].
181120-20:08:05 [INFO] -- eleThread_A A
181120-20:08:05 [INFO] -- A: 6
181120-20:08:06 [INFO] -- eleThread_A: message received: [Timer (TimesUp) -- [85745]: Time's up!].
181120-20:08:06 [INFO] -- eleThread_A A
181120-20:08:06 [INFO] -- A: 5
181120-20:08:07 [INFO] -- eleThread_A: message received: [Timer (TimesUp) -- [72178]: Time's up!].
181120-20:08:07 [INFO] -- eleThread_A A
181120-20:08:07 [INFO] -- A: 4
181120-20:08:08 [INFO] -- eleThread_A: message received: [Timer (TimesUp) -- [20135]: Time's up!].
181120-20:08:08 [INFO] -- eleThread_A A
181120-20:08:08 [INFO] -- A: 3
181120-20:08:09 [INFO] -- eleThread_A: message received: [Timer (TimesUp) -- [65521]: Time's up!].
181120-20:08:09 [INFO] -- eleThread_A A
181120-20:08:09 [INFO] -- A: 2
181120-20:08:10 [INFO] -- eleThread_A: message received: [Timer (TimesUp) -- [10405]: Time's up!].
181120-20:08:10 [INFO] -- eleThread_A A
181120-20:08:10 [INFO] -- A: 1
181120-20:08:11 [INFO] -- eleThread_A: message received: [Timer (TimesUp) -- [71151]: Time's up!].
181120-20:08:11 [INFO] -- eleThread_A A
181120-20:08:11 [INFO] -- A: 0
181120-20:08:12 [INFO] -- eleThread_A: message received: [Timer (TimesUp) -- [53769]: Time's up!].
181120-20:08:12 [INFO] -- eleThread_A A
181120-20:08:12 [INFO] -- A: 1
181120-20:08:13 [INFO] -- eleThread_A: message received: [Timer (TimesUp) -- [65602]: Time's up!].
181120-20:08:13 [INFO] -- eleThread_A A
181120-20:08:13 [INFO] -- A: 2
181120-20:08:14 [INFO] -- eleThread_A: message received: [Timer (TimesUp) -- [94004]: Time's up!].
181120-20:08:14 [INFO] -- eleThread_A A
181120-20:08:14 [INFO] -- A: 3
181120-20:08:15 [INFO] -- eleThread_A: message received: [Timer (TimesUp) -- [96466]: Time's up!].
181120-20:08:15 [INFO] -- eleThread_A A
181120-20:08:15 [INFO] -- A: 4
181120-20:08:16 [INFO] -- eleThread_A: message received: [Timer (TimesUp) -- [99295]: Time's up!].
181120-20:08:16 [INFO] -- eleThread_A A
181120-20:08:16 [INFO] -- A: 5
181120-20:08:17 [INFO] -- eleThread_A: message received: [Timer (TimesUp) -- [33621]: Time's up!].
181120-20:08:17 [INFO] -- eleThread_A A
181120-20:08:17 [INFO] -- A: 6
181120-20:08:18 [INFO] -- eleThread_A: message received: [Timer (TimesUp) -- [40139]: Time's up!].
181120-20:08:18 [INFO] -- eleThread_A A
181120-20:08:18 [INFO] -- A: 7
181120-20:08:19 [INFO] -- eleThread_A: message received: [Timer (TimesUp) -- [59464]: Time's up!].
181120-20:08:19 [INFO] -- eleThread_A A
181120-20:08:19 [INFO] -- A: 8
181120-20:08:20 [INFO] -- eleThread_A: message received: [Timer (TimesUp) -- [85151]: Time's up!].
181120-20:08:20 [INFO] -- eleThread_A A
181120-20:08:20 [INFO] -- A: 9
181120-20:08:21 [INFO] -- eleThread_A: message received: [Timer (TimesUp) -- [94598]: Time's up!].
181120-20:08:21 [INFO] -- eleThread_A A
181120-20:08:21 [INFO] -- A: 10
181120-20:08:22 [INFO] -- eleThread_A: message received: [Timer (TimesUp) -- [36606]: Time's up!].
181120-20:08:22 [INFO] -- eleThread_A A
181120-20:08:22 [INFO] -- A: 9
181120-20:08:23 [INFO] -- eleThread_A: message received: [Timer (TimesUp) -- [36336]: Time's up!].
181120-20:08:23 [INFO] -- eleThread_A A
181120-20:08:23 [INFO] -- A: 8
181120-20:08:24 [INFO] -- eleThread_A: message received: [Timer (TimesUp) -- [47922]: Time's up!].
181120-20:08:24 [INFO] -- eleThread_A A
181120-20:08:24 [INFO] -- A: 7
181120-20:08:25 [INFO] -- eleThread_A: message received: [Timer (TimesUp) -- [43881]: Time's up!].
181120-20:08:25 [INFO] -- eleThread_A A
181120-20:08:25 [INFO] -- A: 6
181120-20:08:26 [INFO] -- eleThread_A: message received: [Timer (TimesUp) -- [23727]: Time's up!].
181120-20:08:26 [INFO] -- eleThread_A A
181120-20:08:26 [INFO] -- A: 5
181120-20:08:27 [INFO] -- eleThread_A: message received: [Timer (TimesUp) -- [87406]: Time's up!].
181120-20:08:27 [INFO] -- eleThread_A A
181120-20:08:27 [INFO] -- A: 4
181120-20:08:28 [INFO] -- eleThread_A: message received: [Timer (TimesUp) -- [18686]: Time's up!].
181120-20:08:28 [INFO] -- eleThread_A A
181120-20:08:28 [INFO] -- A: 3
181120-20:08:29 [INFO] -- eleThread_A: message received: [Timer (TimesUp) -- [51220]: Time's up!].
181120-20:08:29 [INFO] -- eleThread_A A
181120-20:08:29 [INFO] -- A: 2
181120-20:08:30 [INFO] -- eleThread_A: message received: [Timer (TimesUp) -- [35064]: Time's up!].
181120-20:08:30 [INFO] -- eleThread_A A
181120-20:08:30 [INFO] -- A: 1
181120-20:08:31 [INFO] -- eleThread_A: message received: [Timer (TimesUp) -- [47619]: Time's up!].
181120-20:08:31 [INFO] -- eleThread_A A
181120-20:08:31 [INFO] -- A: 0
181120-20:08:32 [INFO] -- eleThread_A: message received: [Timer (TimesUp) -- [53223]: Time's up!].
181120-20:08:32 [INFO] -- eleThread_A A
181120-20:08:32 [INFO] -- A: 1
181120-20:08:33 [INFO] -- eleThread_A: message received: [Timer (TimesUp) -- [65644]: Time's up!].
181120-20:08:33 [INFO] -- eleThread_A A
181120-20:08:33 [INFO] -- A: 2
181120-20:08:34 [INFO] -- eleThread_A: message received: [Timer (TimesUp) -- [70034]: Time's up!].
181120-20:08:34 [INFO] -- eleThread_A A
181120-20:08:34 [INFO] -- A: 3
181120-20:08:35 [INFO] -- eleThread_A: message received: [Timer (TimesUp) -- [67132]: Time's up!].
181120-20:08:35 [INFO] -- eleThread_A A
181120-20:08:35 [INFO] -- A: 4
181120-20:08:36 [INFO] -- eleThread_A: message received: [Timer (TimesUp) -- [73959]: Time's up!].
181120-20:08:36 [INFO] -- eleThread_A A
181120-20:08:36 [INFO] -- A: 5
181120-20:08:37 [INFO] -- eleThread_A: message received: [Timer (TimesUp) -- [71330]: Time's up!].
181120-20:08:37 [INFO] -- eleThread_A A
181120-20:08:37 [INFO] -- A: 6
181120-20:08:38 [INFO] -- eleThread_A: message received: [Timer (TimesUp) -- [20222]: Time's up!].
181120-20:08:38 [INFO] -- eleThread_A A
181120-20:08:38 [INFO] -- A: 7
181120-20:08:39 [INFO] -- eleThread_A: message received: [Timer (TimesUp) -- [88767]: Time's up!].
181120-20:08:39 [INFO] -- eleThread_A A
181120-20:08:39 [INFO] -- A: 8
181120-20:08:40 [INFO] -- eleThread_A: message received: [Timer (TimesUp) -- [65105]: Time's up!].
181120-20:08:40 [INFO] -- eleThread_A A
181120-20:08:40 [INFO] -- A: 9
181120-20:08:41 [INFO] -- eleThread_A: message received: [Timer (TimesUp) -- [13742]: Time's up!].
181120-20:08:41 [INFO] -- eleThread_A A
181120-20:08:41 [INFO] -- A: 10
181120-20:08:42 [INFO] -- eleThread_A: message received: [Timer (TimesUp) -- [18092]: Time's up!].
181120-20:08:42 [INFO] -- eleThread_A A
181120-20:08:42 [INFO] -- A: 9
181120-20:08:43 [INFO] -- eleThread_A: message received: [Timer (TimesUp) -- [27065]: Time's up!].
181120-20:08:43 [INFO] -- eleThread_A A
181120-20:08:43 [INFO] -- A: 8
181120-20:08:44 [INFO] -- eleThread_A: message received: [Timer (TimesUp) -- [10852]: Time's up!].
181120-20:08:44 [INFO] -- eleThread_A A
181120-20:08:44 [INFO] -- A: 7
181120-20:08:45 [INFO] -- eleThread_A: message received: [Timer (TimesUp) -- [33338]: Time's up!].
181120-20:08:45 [INFO] -- eleThread_A A
181120-20:08:45 [INFO] -- A: 6
181120-20:08:46 [INFO] -- eleThread_A: message received: [Timer (TimesUp) -- [20672]: Time's up!].
181120-20:08:46 [INFO] -- eleThread_A A
181120-20:08:46 [INFO] -- A: 5
181120-20:08:47 [INFO] -- eleThread_A: message received: [Timer (TimesUp) -- [34107]: Time's up!].
181120-20:08:47 [INFO] -- eleThread_A A
181120-20:08:47 [INFO] -- A: 4
181120-20:08:48 [INFO] -- eleThread_A: message received: [Timer (TimesUp) -- [36258]: Time's up!].
181120-20:08:48 [INFO] -- eleThread_A A
181120-20:08:48 [INFO] -- A: 3
181120-20:08:49 [INFO] -- eleThread_A: message received: [Timer (TimesUp) -- [29820]: Time's up!].
181120-20:08:49 [INFO] -- eleThread_A A
181120-20:08:49 [INFO] -- A: 2
181120-20:08:50 [INFO] -- eleThread_A: message received: [Timer (TimesUp) -- [25755]: Time's up!].
181120-20:08:50 [INFO] -- eleThread_A A
181120-20:08:50 [INFO] -- A: 1
181120-20:08:51 [INFO] -- eleThread_A: message received: [Timer (TimesUp) -- [19614]: Time's up!].
181120-20:08:51 [INFO] -- eleThread_A A
181120-20:08:51 [INFO] -- A: 0
181120-20:08:52 [INFO] -- eleThread_A: message received: [Timer (TimesUp) -- [71617]: Time's up!].
181120-20:08:52 [INFO] -- eleThread_A A
181120-20:08:52 [INFO] -- A: 1
181120-20:08:53 [INFO] -- eleThread_A: message received: [Timer (TimesUp) -- [57148]: Time's up!].
181120-20:08:53 [INFO] -- eleThread_A A
181120-20:08:53 [INFO] -- A: 2
181120-20:08:54 [INFO] -- eleThread_A: message received: [Timer (TimesUp) -- [24667]: Time's up!].
181120-20:08:54 [INFO] -- eleThread_A A
181120-20:08:54 [INFO] -- A: 3
181120-20:08:55 [INFO] -- eleThread_A: message received: [Timer (TimesUp) -- [75954]: Time's up!].
181120-20:08:55 [INFO] -- eleThread_A A
181120-20:08:55 [INFO] -- A: 4
181120-20:08:56 [INFO] -- eleThread_A: message received: [Timer (TimesUp) -- [77603]: Time's up!].
181120-20:08:56 [INFO] -- eleThread_A A
181120-20:08:56 [INFO] -- A: 5
181120-20:08:57 [INFO] -- eleThread_A: message received: [Timer (TimesUp) -- [18240]: Time's up!].
181120-20:08:57 [INFO] -- eleThread_A A
181120-20:08:57 [INFO] -- A: 6
181120-20:08:58 [INFO] -- eleThread_A: message received: [Timer (TimesUp) -- [48357]: Time's up!].
181120-20:08:58 [INFO] -- eleThread_A A
181120-20:08:58 [INFO] -- A: 7
181120-20:08:59 [INFO] -- eleThread_A: message received: [Timer (TimesUp) -- [26554]: Time's up!].
181120-20:08:59 [INFO] -- eleThread_A A
181120-20:08:59 [INFO] -- A: 8
181120-20:09:00 [INFO] -- eleThread_A: message received: [Timer (TimesUp) -- [29445]: Time's up!].
181120-20:09:00 [INFO] -- eleThread_A A
181120-20:09:00 [INFO] -- A: 9
181120-20:09:01 [INFO] -- eleThread_A: message received: [Timer (TimesUp) -- [19683]: Time's up!].
181120-20:09:01 [INFO] -- eleThread_A A
181120-20:09:01 [INFO] -- A: 10
181120-20:09:02 [INFO] -- eleThread_A: message received: [Timer (TimesUp) -- [19539]: Time's up!].
181120-20:09:02 [INFO] -- eleThread_A A
181120-20:09:02 [INFO] -- A: 9
181120-20:09:03 [INFO] -- eleThread_A: message received: [Timer (TimesUp) -- [93271]: Time's up!].
181120-20:09:03 [INFO] -- eleThread_A A
181120-20:09:03 [INFO] -- A: 8
181120-20:09:04 [INFO] -- eleThread_A: message received: [Timer (TimesUp) -- [50281]: Time's up!].
181120-20:09:04 [INFO] -- eleThread_A A
181120-20:09:04 [INFO] -- A: 7
181120-20:09:05 [INFO] -- eleThread_A: message received: [Timer (TimesUp) -- [30768]: Time's up!].
181120-20:09:05 [INFO] -- eleThread_A A
181120-20:09:05 [INFO] -- A: 6
181120-20:09:06 [INFO] -- eleThread_A: message received: [Timer (TimesUp) -- [82499]: Time's up!].
181120-20:09:06 [INFO] -- eleThread_A A
181120-20:09:06 [INFO] -- A: 5
181120-20:09:07 [INFO] -- eleThread_A: message received: [Timer (TimesUp) -- [82405]: Time's up!].
181120-20:09:07 [INFO] -- eleThread_A A
181120-20:09:07 [INFO] -- A: 4
181120-20:09:08 [INFO] -- eleThread_A: message received: [Timer (TimesUp) -- [37976]: Time's up!].
181120-20:09:08 [INFO] -- eleThread_A A
181120-20:09:08 [INFO] -- A: 3
181120-20:09:09 [INFO] -- eleThread_A: message received: [Timer (TimesUp) -- [88415]: Time's up!].
181120-20:09:09 [INFO] -- eleThread_A A
181120-20:09:09 [INFO] -- A: 2
181120-20:09:10 [INFO] -- eleThread_A: message received: [Timer (TimesUp) -- [72696]: Time's up!].
181120-20:09:10 [INFO] -- eleThread_A A
181120-20:09:10 [INFO] -- A: 1
181120-20:09:11 [INFO] -- eleThread_A: message received: [Timer (TimesUp) -- [76450]: Time's up!].
181120-20:09:11 [INFO] -- eleThread_A A
181120-20:09:11 [INFO] -- A: 0
181120-20:09:12 [INFO] -- eleThread_A: message received: [Timer (TimesUp) -- [98809]: Time's up!].
181120-20:09:12 [INFO] -- eleThread_A A
181120-20:09:12 [INFO] -- A: 1
181120-20:09:13 [INFO] -- eleThread_A: message received: [Timer (TimesUp) -- [87874]: Time's up!].
181120-20:09:13 [INFO] -- eleThread_A A
181120-20:09:13 [INFO] -- A: 2
181120-20:09:14 [INFO] -- eleThread_A: message received: [Timer (TimesUp) -- [48122]: Time's up!].
181120-20:09:14 [INFO] -- eleThread_A A
181120-20:09:14 [INFO] -- A: 3
181120-20:09:15 [INFO] -- eleThread_A: message received: [Timer (TimesUp) -- [32353]: Time's up!].
181120-20:09:15 [INFO] -- eleThread_A A
181120-20:09:15 [INFO] -- A: 4
181120-20:09:16 [INFO] -- eleThread_A: message received: [Timer (TimesUp) -- [73900]: Time's up!].
181120-20:09:16 [INFO] -- eleThread_A A
181120-20:09:16 [INFO] -- A: 5
